2023-02-12 23:00:24.494  INFO 12144 --- [main] jzero.helloboot.HellobootApplication     : Starting HellobootApplication using Java 1.8.0_301 on DESKTOP-8T9NKNK with PID 12144 (C:\workspace_intellj\springboot_prac\build\classes\java\main started by KJY in C:\workspace_intellj\springboot_prac)
2023-02-12 23:00:24.502 DEBUG 12144 --- [main] jzero.helloboot.HellobootApplication     : Running with Spring Boot v2.7.9-SNAPSHOT, Spring v5.3.25
2023-02-12 23:00:24.503  INFO 12144 --- [main] jzero.helloboot.HellobootApplication     : No active profile set, falling back to 1 default profile: "default"
2023-02-12 23:00:24.504 DEBUG 12144 --- [main] o.s.boot.SpringApplication               : Loading source class jzero.helloboot.HellobootApplication
2023-02-12 23:00:24.555 DEBUG 12144 --- [main] ConfigServletWebServerApplicationContext : Refreshing org.springframework.boot.web.servlet.context.AnnotationConfigServletWebServerApplicationContext@4d910fd6
2023-02-12 23:00:24.579 DEBUG 12144 --- [main] o.s.b.f.s.DefaultListableBeanFactory     : Creating shared instance of singleton bean 'org.springframework.context.annotation.internalConfigurationAnnotationProcessor'
2023-02-12 23:00:24.600 DEBUG 12144 --- [main] o.s.b.f.s.DefaultListableBeanFactory     : Creating shared instance of singleton bean 'org.springframework.boot.autoconfigure.internalCachingMetadataReaderFactory'
2023-02-12 23:00:24.691 DEBUG 12144 --- [main] o.s.c.a.ClassPathBeanDefinitionScanner   : Identified candidate component class: file [C:\workspace_intellj\springboot_prac\build\classes\java\main\jzero\helloboot\HelloController.class]
2023-02-12 23:00:24.693 DEBUG 12144 --- [main] o.s.c.a.ClassPathBeanDefinitionScanner   : Identified candidate component class: file [C:\workspace_intellj\springboot_prac\build\classes\java\main\jzero\helloboot\HelloDecorator.class]
2023-02-12 23:00:24.699 DEBUG 12144 --- [main] o.s.c.a.ClassPathBeanDefinitionScanner   : Ignored because not a concrete top-level class: file [C:\workspace_intellj\springboot_prac\build\classes\java\main\jzero\helloboot\MyComponent.class]
2023-02-12 23:00:24.700 DEBUG 12144 --- [main] o.s.c.a.ClassPathBeanDefinitionScanner   : Identified candidate component class: file [C:\workspace_intellj\springboot_prac\build\classes\java\main\jzero\helloboot\SimpleHelloService.class]
2023-02-12 23:00:24.847 DEBUG 12144 --- [main] o.s.b.f.s.DefaultListableBeanFactory     : Creating shared instance of singleton bean 'org.springframework.context.event.internalEventListenerProcessor'
2023-02-12 23:00:24.847 DEBUG 12144 --- [main] o.s.b.f.s.DefaultListableBeanFactory     : Creating shared instance of singleton bean 'org.springframework.context.event.internalEventListenerFactory'
2023-02-12 23:00:24.847 DEBUG 12144 --- [main] o.s.b.f.s.DefaultListableBeanFactory     : Creating shared instance of singleton bean 'org.springframework.context.annotation.internalAutowiredAnnotationProcessor'
2023-02-12 23:00:24.847 DEBUG 12144 --- [main] o.s.b.f.s.DefaultListableBeanFactory     : Creating shared instance of singleton bean 'org.springframework.context.annotation.internalCommonAnnotationProcessor'
2023-02-12 23:00:24.847 DEBUG 12144 --- [main] o.s.u.c.s.UiApplicationContextUtils      : Unable to locate ThemeSource with name 'themeSource': using default [org.springframework.ui.context.support.ResourceBundleThemeSource@61fe30]
2023-02-12 23:00:24.847 DEBUG 12144 --- [main] o.s.b.f.s.DefaultListableBeanFactory     : Creating shared instance of singleton bean 'underTowWebServerFactory'
2023-02-12 23:00:24.847 DEBUG 12144 --- [main] o.s.b.f.s.DefaultListableBeanFactory     : Creating shared instance of singleton bean 'jzero.config.autoconfig.UnderTowWebServerConfig'
2023-02-12 23:00:24.863 DEBUG 12144 --- [main] o.s.b.f.s.DefaultListableBeanFactory     : Autowiring by type from bean name 'underTowWebServerFactory' via factory method to bean named 'environment'
2023-02-12 23:00:24.878  WARN 12144 --- [main] ConfigServletWebServerApplicationContext : Exception encountered during context initialization - cancelling refresh attempt: org.springframework.context.ApplicationContextException: Unable to start web server; nested exception is org.springframework.beans.factory.BeanCreationException: Error creating bean with name 'underTowWebServerFactory' defined in class path resource [jzero/config/autoconfig/UnderTowWebServerConfig.class]: Bean instantiation via factory method failed; nested exception is org.springframework.beans.BeanInstantiationException: Failed to instantiate [org.springframework.boot.web.servlet.server.ServletWebServerFactory]: Factory method 'servletWebServerFactory' threw exception; nested exception is java.lang.IllegalArgumentException: ContextPath must start with '/' and not end with '/'
2023-02-12 23:00:24.894 DEBUG 12144 --- [main] ConditionEvaluationReportLoggingListener : 


============================
CONDITIONS EVALUATION REPORT
============================


Positive matches:
-----------------

   UnderTowWebServerConfig#servletWebServerFactory matched:
      - @ConditionalOnMissingBean (types: org.springframework.boot.web.servlet.server.ServletWebServerFactory; SearchStrategy: all) did not find any beans (OnBeanCondition)


Negative matches:
-----------------

   JettyWebServerConfig#servletWebServerFactory:
      Did not match:
         - @ConditionalOnMissingBean (types: org.springframework.boot.web.servlet.server.ServletWebServerFactory; SearchStrategy: all) found beans of type 'org.springframework.boot.web.servlet.server.ServletWebServerFactory' underTowWebServerFactory (OnBeanCondition)

   TomcatWebServerConfig#servletWebServerFactory:
      Did not match:
         - @ConditionalOnMissingBean (types: org.springframework.boot.web.servlet.server.ServletWebServerFactory; SearchStrategy: all) found beans of type 'org.springframework.boot.web.servlet.server.ServletWebServerFactory' underTowWebServerFactory (OnBeanCondition)


Exclusions:
-----------

    None


Unconditional classes:
----------------------

    None



2023-02-12 23:00:24.910 ERROR 12144 --- [main] o.s.boot.SpringApplication               : Application run failed

org.springframework.context.ApplicationContextException: Unable to start web server; nested exception is org.springframework.beans.factory.BeanCreationException: Error creating bean with name 'underTowWebServerFactory' defined in class path resource [jzero/config/autoconfig/UnderTowWebServerConfig.class]: Bean instantiation via factory method failed; nested exception is org.springframework.beans.BeanInstantiationException: Failed to instantiate [org.springframework.boot.web.servlet.server.ServletWebServerFactory]: Factory method 'servletWebServerFactory' threw exception; nested exception is java.lang.IllegalArgumentException: ContextPath must start with '/' and not end with '/'
	at org.springframework.boot.web.servlet.context.ServletWebServerApplicationContext.onRefresh(ServletWebServerApplicationContext.java:165)
	at org.springframework.context.support.AbstractApplicationContext.refresh(AbstractApplicationContext.java:577)
	at org.springframework.boot.web.servlet.context.ServletWebServerApplicationContext.refresh(ServletWebServerApplicationContext.java:147)
	at org.springframework.boot.SpringApplication.refresh(SpringApplication.java:731)
	at org.springframework.boot.SpringApplication.refreshContext(SpringApplication.java:408)
	at org.springframework.boot.SpringApplication.run(SpringApplication.java:307)
	at org.springframework.boot.SpringApplication.run(SpringApplication.java:1303)
	at org.springframework.boot.SpringApplication.run(SpringApplication.java:1292)
	at jzero.helloboot.HellobootApplication.main(HellobootApplication.java:41)
Caused by: org.springframework.beans.factory.BeanCreationException: Error creating bean with name 'underTowWebServerFactory' defined in class path resource [jzero/config/autoconfig/UnderTowWebServerConfig.class]: Bean instantiation via factory method failed; nested exception is org.springframework.beans.BeanInstantiationException: Failed to instantiate [org.springframework.boot.web.servlet.server.ServletWebServerFactory]: Factory method 'servletWebServerFactory' threw exception; nested exception is java.lang.IllegalArgumentException: ContextPath must start with '/' and not end with '/'
	at org.springframework.beans.factory.support.ConstructorResolver.instantiate(ConstructorResolver.java:658)
	at org.springframework.beans.factory.support.ConstructorResolver.instantiateUsingFactoryMethod(ConstructorResolver.java:638)
	at org.springframework.beans.factory.support.AbstractAutowireCapableBeanFactory.instantiateUsingFactoryMethod(AbstractAutowireCapableBeanFactory.java:1352)
	at org.springframework.beans.factory.support.AbstractAutowireCapableBeanFactory.createBeanInstance(AbstractAutowireCapableBeanFactory.java:1195)
	at org.springframework.beans.factory.support.AbstractAutowireCapableBeanFactory.doCreateBean(AbstractAutowireCapableBeanFactory.java:582)
	at org.springframework.beans.factory.support.AbstractAutowireCapableBeanFactory.createBean(AbstractAutowireCapableBeanFactory.java:542)
	at org.springframework.beans.factory.support.AbstractBeanFactory.lambda$doGetBean$0(AbstractBeanFactory.java:335)
	at org.springframework.beans.factory.support.DefaultSingletonBeanRegistry.getSingleton(DefaultSingletonBeanRegistry.java:234)
	at org.springframework.beans.factory.support.AbstractBeanFactory.doGetBean(AbstractBeanFactory.java:333)
	at org.springframework.beans.factory.support.AbstractBeanFactory.getBean(AbstractBeanFactory.java:213)
	at org.springframework.boot.web.servlet.context.ServletWebServerApplicationContext.getWebServerFactory(ServletWebServerApplicationContext.java:219)
	at org.springframework.boot.web.servlet.context.ServletWebServerApplicationContext.createWebServer(ServletWebServerApplicationContext.java:182)
	at org.springframework.boot.web.servlet.context.ServletWebServerApplicationContext.onRefresh(ServletWebServerApplicationContext.java:162)
	... 8 common frames omitted
Caused by: org.springframework.beans.BeanInstantiationException: Failed to instantiate [org.springframework.boot.web.servlet.server.ServletWebServerFactory]: Factory method 'servletWebServerFactory' threw exception; nested exception is java.lang.IllegalArgumentException: ContextPath must start with '/' and not end with '/'
	at org.springframework.beans.factory.support.SimpleInstantiationStrategy.instantiate(SimpleInstantiationStrategy.java:185)
	at org.springframework.beans.factory.support.ConstructorResolver.instantiate(ConstructorResolver.java:653)
	... 20 common frames omitted
Caused by: java.lang.IllegalArgumentException: ContextPath must start with '/' and not end with '/'
	at org.springframework.boot.web.servlet.server.AbstractServletWebServerFactory.checkContextPath(AbstractServletWebServerFactory.java:140)
	at org.springframework.boot.web.servlet.server.AbstractServletWebServerFactory.setContextPath(AbstractServletWebServerFactory.java:129)
	at jzero.config.autoconfig.UnderTowWebServerConfig.servletWebServerFactory(UnderTowWebServerConfig.java:26)
	at sun.reflect.NativeMethodAccessorImpl.invoke0(Native Method)
	at sun.reflect.NativeMethodAccessorImpl.invoke(NativeMethodAccessorImpl.java:62)
	at sun.reflect.DelegatingMethodAccessorImpl.invoke(DelegatingMethodAccessorImpl.java:43)
	at java.lang.reflect.Method.invoke(Method.java:498)
	at org.springframework.beans.factory.support.SimpleInstantiationStrategy.instantiate(SimpleInstantiationStrategy.java:154)
	... 21 common frames omitted

2023-02-12 23:02:13.440  INFO 7828 --- [main] jzero.helloboot.HellobootApplication     : Starting HellobootApplication using Java 1.8.0_301 on DESKTOP-8T9NKNK with PID 7828 (C:\workspace_intellj\springboot_prac\build\classes\java\main started by KJY in C:\workspace_intellj\springboot_prac)
2023-02-12 23:02:13.440 DEBUG 7828 --- [main] jzero.helloboot.HellobootApplication     : Running with Spring Boot v2.7.9-SNAPSHOT, Spring v5.3.25
2023-02-12 23:02:13.440  INFO 7828 --- [main] jzero.helloboot.HellobootApplication     : No active profile set, falling back to 1 default profile: "default"
2023-02-12 23:02:13.440 DEBUG 7828 --- [main] o.s.boot.SpringApplication               : Loading source class jzero.helloboot.HellobootApplication
2023-02-12 23:02:13.502 DEBUG 7828 --- [main] ConfigServletWebServerApplicationContext : Refreshing org.springframework.boot.web.servlet.context.AnnotationConfigServletWebServerApplicationContext@4d910fd6
2023-02-12 23:02:13.533 DEBUG 7828 --- [main] o.s.b.f.s.DefaultListableBeanFactory     : Creating shared instance of singleton bean 'org.springframework.context.annotation.internalConfigurationAnnotationProcessor'
2023-02-12 23:02:13.549 DEBUG 7828 --- [main] o.s.b.f.s.DefaultListableBeanFactory     : Creating shared instance of singleton bean 'org.springframework.boot.autoconfigure.internalCachingMetadataReaderFactory'
2023-02-12 23:02:13.643 DEBUG 7828 --- [main] o.s.c.a.ClassPathBeanDefinitionScanner   : Identified candidate component class: file [C:\workspace_intellj\springboot_prac\build\classes\java\main\jzero\helloboot\HelloController.class]
2023-02-12 23:02:13.643 DEBUG 7828 --- [main] o.s.c.a.ClassPathBeanDefinitionScanner   : Identified candidate component class: file [C:\workspace_intellj\springboot_prac\build\classes\java\main\jzero\helloboot\HelloDecorator.class]
2023-02-12 23:02:13.643 DEBUG 7828 --- [main] o.s.c.a.ClassPathBeanDefinitionScanner   : Ignored because not a concrete top-level class: file [C:\workspace_intellj\springboot_prac\build\classes\java\main\jzero\helloboot\MyComponent.class]
2023-02-12 23:02:13.643 DEBUG 7828 --- [main] o.s.c.a.ClassPathBeanDefinitionScanner   : Identified candidate component class: file [C:\workspace_intellj\springboot_prac\build\classes\java\main\jzero\helloboot\SimpleHelloService.class]
2023-02-12 23:02:13.815 DEBUG 7828 --- [main] o.s.b.f.s.DefaultListableBeanFactory     : Creating shared instance of singleton bean 'org.springframework.context.event.internalEventListenerProcessor'
2023-02-12 23:02:13.815 DEBUG 7828 --- [main] o.s.b.f.s.DefaultListableBeanFactory     : Creating shared instance of singleton bean 'org.springframework.context.event.internalEventListenerFactory'
2023-02-12 23:02:13.815 DEBUG 7828 --- [main] o.s.b.f.s.DefaultListableBeanFactory     : Creating shared instance of singleton bean 'org.springframework.context.annotation.internalAutowiredAnnotationProcessor'
2023-02-12 23:02:13.815 DEBUG 7828 --- [main] o.s.b.f.s.DefaultListableBeanFactory     : Creating shared instance of singleton bean 'org.springframework.context.annotation.internalCommonAnnotationProcessor'
2023-02-12 23:02:13.815 DEBUG 7828 --- [main] o.s.u.c.s.UiApplicationContextUtils      : Unable to locate ThemeSource with name 'themeSource': using default [org.springframework.ui.context.support.ResourceBundleThemeSource@130e116b]
2023-02-12 23:02:13.815 DEBUG 7828 --- [main] o.s.b.f.s.DefaultListableBeanFactory     : Creating shared instance of singleton bean 'underTowWebServerFactory'
2023-02-12 23:02:13.815 DEBUG 7828 --- [main] o.s.b.f.s.DefaultListableBeanFactory     : Creating shared instance of singleton bean 'jzero.config.autoconfig.UnderTowWebServerConfig'
2023-02-12 23:02:13.830 DEBUG 7828 --- [main] o.s.b.f.s.DefaultListableBeanFactory     : Autowiring by type from bean name 'underTowWebServerFactory' via factory method to bean named 'environment'
2023-02-12 23:02:13.846  WARN 7828 --- [main] ConfigServletWebServerApplicationContext : Exception encountered during context initialization - cancelling refresh attempt: org.springframework.context.ApplicationContextException: Unable to start web server; nested exception is org.springframework.beans.factory.BeanCreationException: Error creating bean with name 'underTowWebServerFactory' defined in class path resource [jzero/config/autoconfig/UnderTowWebServerConfig.class]: Bean instantiation via factory method failed; nested exception is org.springframework.beans.BeanInstantiationException: Failed to instantiate [org.springframework.boot.web.servlet.server.ServletWebServerFactory]: Factory method 'servletWebServerFactory' threw exception; nested exception is java.lang.IllegalArgumentException: ContextPath must start with '/' and not end with '/'
2023-02-12 23:02:13.846 DEBUG 7828 --- [main] ConditionEvaluationReportLoggingListener : 


============================
CONDITIONS EVALUATION REPORT
============================


Positive matches:
-----------------

   UnderTowWebServerConfig#servletWebServerFactory matched:
      - @ConditionalOnMissingBean (types: org.springframework.boot.web.servlet.server.ServletWebServerFactory; SearchStrategy: all) did not find any beans (OnBeanCondition)


Negative matches:
-----------------

   JettyWebServerConfig#servletWebServerFactory:
      Did not match:
         - @ConditionalOnMissingBean (types: org.springframework.boot.web.servlet.server.ServletWebServerFactory; SearchStrategy: all) found beans of type 'org.springframework.boot.web.servlet.server.ServletWebServerFactory' underTowWebServerFactory (OnBeanCondition)

   TomcatWebServerConfig#servletWebServerFactory:
      Did not match:
         - @ConditionalOnMissingBean (types: org.springframework.boot.web.servlet.server.ServletWebServerFactory; SearchStrategy: all) found beans of type 'org.springframework.boot.web.servlet.server.ServletWebServerFactory' underTowWebServerFactory (OnBeanCondition)


Exclusions:
-----------

    None


Unconditional classes:
----------------------

    None



2023-02-12 23:02:13.877 ERROR 7828 --- [main] o.s.boot.SpringApplication               : Application run failed

org.springframework.context.ApplicationContextException: Unable to start web server; nested exception is org.springframework.beans.factory.BeanCreationException: Error creating bean with name 'underTowWebServerFactory' defined in class path resource [jzero/config/autoconfig/UnderTowWebServerConfig.class]: Bean instantiation via factory method failed; nested exception is org.springframework.beans.BeanInstantiationException: Failed to instantiate [org.springframework.boot.web.servlet.server.ServletWebServerFactory]: Factory method 'servletWebServerFactory' threw exception; nested exception is java.lang.IllegalArgumentException: ContextPath must start with '/' and not end with '/'
	at org.springframework.boot.web.servlet.context.ServletWebServerApplicationContext.onRefresh(ServletWebServerApplicationContext.java:165)
	at org.springframework.context.support.AbstractApplicationContext.refresh(AbstractApplicationContext.java:577)
	at org.springframework.boot.web.servlet.context.ServletWebServerApplicationContext.refresh(ServletWebServerApplicationContext.java:147)
	at org.springframework.boot.SpringApplication.refresh(SpringApplication.java:731)
	at org.springframework.boot.SpringApplication.refreshContext(SpringApplication.java:408)
	at org.springframework.boot.SpringApplication.run(SpringApplication.java:307)
	at org.springframework.boot.SpringApplication.run(SpringApplication.java:1303)
	at org.springframework.boot.SpringApplication.run(SpringApplication.java:1292)
	at jzero.helloboot.HellobootApplication.main(HellobootApplication.java:41)
Caused by: org.springframework.beans.factory.BeanCreationException: Error creating bean with name 'underTowWebServerFactory' defined in class path resource [jzero/config/autoconfig/UnderTowWebServerConfig.class]: Bean instantiation via factory method failed; nested exception is org.springframework.beans.BeanInstantiationException: Failed to instantiate [org.springframework.boot.web.servlet.server.ServletWebServerFactory]: Factory method 'servletWebServerFactory' threw exception; nested exception is java.lang.IllegalArgumentException: ContextPath must start with '/' and not end with '/'
	at org.springframework.beans.factory.support.ConstructorResolver.instantiate(ConstructorResolver.java:658)
	at org.springframework.beans.factory.support.ConstructorResolver.instantiateUsingFactoryMethod(ConstructorResolver.java:638)
	at org.springframework.beans.factory.support.AbstractAutowireCapableBeanFactory.instantiateUsingFactoryMethod(AbstractAutowireCapableBeanFactory.java:1352)
	at org.springframework.beans.factory.support.AbstractAutowireCapableBeanFactory.createBeanInstance(AbstractAutowireCapableBeanFactory.java:1195)
	at org.springframework.beans.factory.support.AbstractAutowireCapableBeanFactory.doCreateBean(AbstractAutowireCapableBeanFactory.java:582)
	at org.springframework.beans.factory.support.AbstractAutowireCapableBeanFactory.createBean(AbstractAutowireCapableBeanFactory.java:542)
	at org.springframework.beans.factory.support.AbstractBeanFactory.lambda$doGetBean$0(AbstractBeanFactory.java:335)
	at org.springframework.beans.factory.support.DefaultSingletonBeanRegistry.getSingleton(DefaultSingletonBeanRegistry.java:234)
	at org.springframework.beans.factory.support.AbstractBeanFactory.doGetBean(AbstractBeanFactory.java:333)
	at org.springframework.beans.factory.support.AbstractBeanFactory.getBean(AbstractBeanFactory.java:213)
	at org.springframework.boot.web.servlet.context.ServletWebServerApplicationContext.getWebServerFactory(ServletWebServerApplicationContext.java:219)
	at org.springframework.boot.web.servlet.context.ServletWebServerApplicationContext.createWebServer(ServletWebServerApplicationContext.java:182)
	at org.springframework.boot.web.servlet.context.ServletWebServerApplicationContext.onRefresh(ServletWebServerApplicationContext.java:162)
	... 8 common frames omitted
Caused by: org.springframework.beans.BeanInstantiationException: Failed to instantiate [org.springframework.boot.web.servlet.server.ServletWebServerFactory]: Factory method 'servletWebServerFactory' threw exception; nested exception is java.lang.IllegalArgumentException: ContextPath must start with '/' and not end with '/'
	at org.springframework.beans.factory.support.SimpleInstantiationStrategy.instantiate(SimpleInstantiationStrategy.java:185)
	at org.springframework.beans.factory.support.ConstructorResolver.instantiate(ConstructorResolver.java:653)
	... 20 common frames omitted
Caused by: java.lang.IllegalArgumentException: ContextPath must start with '/' and not end with '/'
	at org.springframework.boot.web.servlet.server.AbstractServletWebServerFactory.checkContextPath(AbstractServletWebServerFactory.java:140)
	at org.springframework.boot.web.servlet.server.AbstractServletWebServerFactory.setContextPath(AbstractServletWebServerFactory.java:129)
	at jzero.config.autoconfig.UnderTowWebServerConfig.servletWebServerFactory(UnderTowWebServerConfig.java:26)
	at sun.reflect.NativeMethodAccessorImpl.invoke0(Native Method)
	at sun.reflect.NativeMethodAccessorImpl.invoke(NativeMethodAccessorImpl.java:62)
	at sun.reflect.DelegatingMethodAccessorImpl.invoke(DelegatingMethodAccessorImpl.java:43)
	at java.lang.reflect.Method.invoke(Method.java:498)
	at org.springframework.beans.factory.support.SimpleInstantiationStrategy.instantiate(SimpleInstantiationStrategy.java:154)
	... 21 common frames omitted

2023-02-12 23:02:52.455  INFO 12776 --- [main] jzero.helloboot.HellobootApplication     : Starting HellobootApplication using Java 1.8.0_301 on DESKTOP-8T9NKNK with PID 12776 (C:\workspace_intellj\springboot_prac\build\classes\java\main started by KJY in C:\workspace_intellj\springboot_prac)
2023-02-12 23:02:52.457 DEBUG 12776 --- [main] jzero.helloboot.HellobootApplication     : Running with Spring Boot v2.7.9-SNAPSHOT, Spring v5.3.25
2023-02-12 23:02:52.457  INFO 12776 --- [main] jzero.helloboot.HellobootApplication     : No active profile set, falling back to 1 default profile: "default"
2023-02-12 23:02:52.458 DEBUG 12776 --- [main] o.s.boot.SpringApplication               : Loading source class jzero.helloboot.HellobootApplication
2023-02-12 23:02:52.508 DEBUG 12776 --- [main] ConfigServletWebServerApplicationContext : Refreshing org.springframework.boot.web.servlet.context.AnnotationConfigServletWebServerApplicationContext@4d910fd6
2023-02-12 23:02:52.534 DEBUG 12776 --- [main] o.s.b.f.s.DefaultListableBeanFactory     : Creating shared instance of singleton bean 'org.springframework.context.annotation.internalConfigurationAnnotationProcessor'
2023-02-12 23:02:52.556 DEBUG 12776 --- [main] o.s.b.f.s.DefaultListableBeanFactory     : Creating shared instance of singleton bean 'org.springframework.boot.autoconfigure.internalCachingMetadataReaderFactory'
2023-02-12 23:02:52.650 DEBUG 12776 --- [main] o.s.c.a.ClassPathBeanDefinitionScanner   : Identified candidate component class: file [C:\workspace_intellj\springboot_prac\build\classes\java\main\jzero\helloboot\HelloController.class]
2023-02-12 23:02:52.651 DEBUG 12776 --- [main] o.s.c.a.ClassPathBeanDefinitionScanner   : Identified candidate component class: file [C:\workspace_intellj\springboot_prac\build\classes\java\main\jzero\helloboot\HelloDecorator.class]
2023-02-12 23:02:52.655 DEBUG 12776 --- [main] o.s.c.a.ClassPathBeanDefinitionScanner   : Ignored because not a concrete top-level class: file [C:\workspace_intellj\springboot_prac\build\classes\java\main\jzero\helloboot\MyComponent.class]
2023-02-12 23:02:52.656 DEBUG 12776 --- [main] o.s.c.a.ClassPathBeanDefinitionScanner   : Identified candidate component class: file [C:\workspace_intellj\springboot_prac\build\classes\java\main\jzero\helloboot\SimpleHelloService.class]
2023-02-12 23:02:52.801 DEBUG 12776 --- [main] o.s.b.f.s.DefaultListableBeanFactory     : Creating shared instance of singleton bean 'org.springframework.context.event.internalEventListenerProcessor'
2023-02-12 23:02:52.803 DEBUG 12776 --- [main] o.s.b.f.s.DefaultListableBeanFactory     : Creating shared instance of singleton bean 'org.springframework.context.event.internalEventListenerFactory'
2023-02-12 23:02:52.805 DEBUG 12776 --- [main] o.s.b.f.s.DefaultListableBeanFactory     : Creating shared instance of singleton bean 'org.springframework.context.annotation.internalAutowiredAnnotationProcessor'
2023-02-12 23:02:52.806 DEBUG 12776 --- [main] o.s.b.f.s.DefaultListableBeanFactory     : Creating shared instance of singleton bean 'org.springframework.context.annotation.internalCommonAnnotationProcessor'
2023-02-12 23:02:52.812 DEBUG 12776 --- [main] o.s.u.c.s.UiApplicationContextUtils      : Unable to locate ThemeSource with name 'themeSource': using default [org.springframework.ui.context.support.ResourceBundleThemeSource@130e116b]
2023-02-12 23:02:52.813 DEBUG 12776 --- [main] o.s.b.f.s.DefaultListableBeanFactory     : Creating shared instance of singleton bean 'underTowWebServerFactory'
2023-02-12 23:02:52.814 DEBUG 12776 --- [main] o.s.b.f.s.DefaultListableBeanFactory     : Creating shared instance of singleton bean 'jzero.config.autoconfig.UnderTowWebServerConfig'
2023-02-12 23:02:52.824 DEBUG 12776 --- [main] o.s.b.f.s.DefaultListableBeanFactory     : Autowiring by type from bean name 'underTowWebServerFactory' via factory method to bean named 'environment'
2023-02-12 23:02:52.835  WARN 12776 --- [main] ConfigServletWebServerApplicationContext : Exception encountered during context initialization - cancelling refresh attempt: org.springframework.context.ApplicationContextException: Unable to start web server; nested exception is org.springframework.beans.factory.BeanCreationException: Error creating bean with name 'underTowWebServerFactory' defined in class path resource [jzero/config/autoconfig/UnderTowWebServerConfig.class]: Bean instantiation via factory method failed; nested exception is org.springframework.beans.BeanInstantiationException: Failed to instantiate [org.springframework.boot.web.servlet.server.ServletWebServerFactory]: Factory method 'servletWebServerFactory' threw exception; nested exception is java.lang.IllegalArgumentException: ContextPath must start with '/' and not end with '/'
2023-02-12 23:02:52.843 DEBUG 12776 --- [main] ConditionEvaluationReportLoggingListener : 


============================
CONDITIONS EVALUATION REPORT
============================


Positive matches:
-----------------

   UnderTowWebServerConfig#servletWebServerFactory matched:
      - @ConditionalOnMissingBean (types: org.springframework.boot.web.servlet.server.ServletWebServerFactory; SearchStrategy: all) did not find any beans (OnBeanCondition)


Negative matches:
-----------------

   JettyWebServerConfig#servletWebServerFactory:
      Did not match:
         - @ConditionalOnMissingBean (types: org.springframework.boot.web.servlet.server.ServletWebServerFactory; SearchStrategy: all) found beans of type 'org.springframework.boot.web.servlet.server.ServletWebServerFactory' underTowWebServerFactory (OnBeanCondition)

   TomcatWebServerConfig#servletWebServerFactory:
      Did not match:
         - @ConditionalOnMissingBean (types: org.springframework.boot.web.servlet.server.ServletWebServerFactory; SearchStrategy: all) found beans of type 'org.springframework.boot.web.servlet.server.ServletWebServerFactory' underTowWebServerFactory (OnBeanCondition)


Exclusions:
-----------

    None


Unconditional classes:
----------------------

    None



2023-02-12 23:02:52.865 ERROR 12776 --- [main] o.s.boot.SpringApplication               : Application run failed

org.springframework.context.ApplicationContextException: Unable to start web server; nested exception is org.springframework.beans.factory.BeanCreationException: Error creating bean with name 'underTowWebServerFactory' defined in class path resource [jzero/config/autoconfig/UnderTowWebServerConfig.class]: Bean instantiation via factory method failed; nested exception is org.springframework.beans.BeanInstantiationException: Failed to instantiate [org.springframework.boot.web.servlet.server.ServletWebServerFactory]: Factory method 'servletWebServerFactory' threw exception; nested exception is java.lang.IllegalArgumentException: ContextPath must start with '/' and not end with '/'
	at org.springframework.boot.web.servlet.context.ServletWebServerApplicationContext.onRefresh(ServletWebServerApplicationContext.java:165)
	at org.springframework.context.support.AbstractApplicationContext.refresh(AbstractApplicationContext.java:577)
	at org.springframework.boot.web.servlet.context.ServletWebServerApplicationContext.refresh(ServletWebServerApplicationContext.java:147)
	at org.springframework.boot.SpringApplication.refresh(SpringApplication.java:731)
	at org.springframework.boot.SpringApplication.refreshContext(SpringApplication.java:408)
	at org.springframework.boot.SpringApplication.run(SpringApplication.java:307)
	at org.springframework.boot.SpringApplication.run(SpringApplication.java:1303)
	at org.springframework.boot.SpringApplication.run(SpringApplication.java:1292)
	at jzero.helloboot.HellobootApplication.main(HellobootApplication.java:41)
Caused by: org.springframework.beans.factory.BeanCreationException: Error creating bean with name 'underTowWebServerFactory' defined in class path resource [jzero/config/autoconfig/UnderTowWebServerConfig.class]: Bean instantiation via factory method failed; nested exception is org.springframework.beans.BeanInstantiationException: Failed to instantiate [org.springframework.boot.web.servlet.server.ServletWebServerFactory]: Factory method 'servletWebServerFactory' threw exception; nested exception is java.lang.IllegalArgumentException: ContextPath must start with '/' and not end with '/'
	at org.springframework.beans.factory.support.ConstructorResolver.instantiate(ConstructorResolver.java:658)
	at org.springframework.beans.factory.support.ConstructorResolver.instantiateUsingFactoryMethod(ConstructorResolver.java:638)
	at org.springframework.beans.factory.support.AbstractAutowireCapableBeanFactory.instantiateUsingFactoryMethod(AbstractAutowireCapableBeanFactory.java:1352)
	at org.springframework.beans.factory.support.AbstractAutowireCapableBeanFactory.createBeanInstance(AbstractAutowireCapableBeanFactory.java:1195)
	at org.springframework.beans.factory.support.AbstractAutowireCapableBeanFactory.doCreateBean(AbstractAutowireCapableBeanFactory.java:582)
	at org.springframework.beans.factory.support.AbstractAutowireCapableBeanFactory.createBean(AbstractAutowireCapableBeanFactory.java:542)
	at org.springframework.beans.factory.support.AbstractBeanFactory.lambda$doGetBean$0(AbstractBeanFactory.java:335)
	at org.springframework.beans.factory.support.DefaultSingletonBeanRegistry.getSingleton(DefaultSingletonBeanRegistry.java:234)
	at org.springframework.beans.factory.support.AbstractBeanFactory.doGetBean(AbstractBeanFactory.java:333)
	at org.springframework.beans.factory.support.AbstractBeanFactory.getBean(AbstractBeanFactory.java:213)
	at org.springframework.boot.web.servlet.context.ServletWebServerApplicationContext.getWebServerFactory(ServletWebServerApplicationContext.java:219)
	at org.springframework.boot.web.servlet.context.ServletWebServerApplicationContext.createWebServer(ServletWebServerApplicationContext.java:182)
	at org.springframework.boot.web.servlet.context.ServletWebServerApplicationContext.onRefresh(ServletWebServerApplicationContext.java:162)
	... 8 common frames omitted
Caused by: org.springframework.beans.BeanInstantiationException: Failed to instantiate [org.springframework.boot.web.servlet.server.ServletWebServerFactory]: Factory method 'servletWebServerFactory' threw exception; nested exception is java.lang.IllegalArgumentException: ContextPath must start with '/' and not end with '/'
	at org.springframework.beans.factory.support.SimpleInstantiationStrategy.instantiate(SimpleInstantiationStrategy.java:185)
	at org.springframework.beans.factory.support.ConstructorResolver.instantiate(ConstructorResolver.java:653)
	... 20 common frames omitted
Caused by: java.lang.IllegalArgumentException: ContextPath must start with '/' and not end with '/'
	at org.springframework.boot.web.servlet.server.AbstractServletWebServerFactory.checkContextPath(AbstractServletWebServerFactory.java:140)
	at org.springframework.boot.web.servlet.server.AbstractServletWebServerFactory.setContextPath(AbstractServletWebServerFactory.java:129)
	at jzero.config.autoconfig.UnderTowWebServerConfig.servletWebServerFactory(UnderTowWebServerConfig.java:26)
	at sun.reflect.NativeMethodAccessorImpl.invoke0(Native Method)
	at sun.reflect.NativeMethodAccessorImpl.invoke(NativeMethodAccessorImpl.java:62)
	at sun.reflect.DelegatingMethodAccessorImpl.invoke(DelegatingMethodAccessorImpl.java:43)
	at java.lang.reflect.Method.invoke(Method.java:498)
	at org.springframework.beans.factory.support.SimpleInstantiationStrategy.instantiate(SimpleInstantiationStrategy.java:154)
	... 21 common frames omitted

2023-02-12 23:03:19.749  INFO 2624 --- [main] jzero.helloboot.HellobootApplication     : Starting HellobootApplication using Java 1.8.0_301 on DESKTOP-8T9NKNK with PID 2624 (C:\workspace_intellj\springboot_prac\build\classes\java\main started by KJY in C:\workspace_intellj\springboot_prac)
2023-02-12 23:03:19.749 DEBUG 2624 --- [main] jzero.helloboot.HellobootApplication     : Running with Spring Boot v2.7.9-SNAPSHOT, Spring v5.3.25
2023-02-12 23:03:19.749  INFO 2624 --- [main] jzero.helloboot.HellobootApplication     : No active profile set, falling back to 1 default profile: "default"
2023-02-12 23:03:19.749 DEBUG 2624 --- [main] o.s.boot.SpringApplication               : Loading source class jzero.helloboot.HellobootApplication
2023-02-12 23:03:19.780 DEBUG 2624 --- [main] ConfigServletWebServerApplicationContext : Refreshing org.springframework.boot.web.servlet.context.AnnotationConfigServletWebServerApplicationContext@4d910fd6
2023-02-12 23:03:19.812 DEBUG 2624 --- [main] o.s.b.f.s.DefaultListableBeanFactory     : Creating shared instance of singleton bean 'org.springframework.context.annotation.internalConfigurationAnnotationProcessor'
2023-02-12 23:03:19.827 DEBUG 2624 --- [main] o.s.b.f.s.DefaultListableBeanFactory     : Creating shared instance of singleton bean 'org.springframework.boot.autoconfigure.internalCachingMetadataReaderFactory'
2023-02-12 23:03:19.921 DEBUG 2624 --- [main] o.s.c.a.ClassPathBeanDefinitionScanner   : Identified candidate component class: file [C:\workspace_intellj\springboot_prac\build\classes\java\main\jzero\helloboot\HelloController.class]
2023-02-12 23:03:19.921 DEBUG 2624 --- [main] o.s.c.a.ClassPathBeanDefinitionScanner   : Identified candidate component class: file [C:\workspace_intellj\springboot_prac\build\classes\java\main\jzero\helloboot\HelloDecorator.class]
2023-02-12 23:03:19.921 DEBUG 2624 --- [main] o.s.c.a.ClassPathBeanDefinitionScanner   : Ignored because not a concrete top-level class: file [C:\workspace_intellj\springboot_prac\build\classes\java\main\jzero\helloboot\MyComponent.class]
2023-02-12 23:03:19.921 DEBUG 2624 --- [main] o.s.c.a.ClassPathBeanDefinitionScanner   : Identified candidate component class: file [C:\workspace_intellj\springboot_prac\build\classes\java\main\jzero\helloboot\SimpleHelloService.class]
2023-02-12 23:03:20.077 DEBUG 2624 --- [main] o.s.b.f.s.DefaultListableBeanFactory     : Creating shared instance of singleton bean 'org.springframework.context.event.internalEventListenerProcessor'
2023-02-12 23:03:20.077 DEBUG 2624 --- [main] o.s.b.f.s.DefaultListableBeanFactory     : Creating shared instance of singleton bean 'org.springframework.context.event.internalEventListenerFactory'
2023-02-12 23:03:20.077 DEBUG 2624 --- [main] o.s.b.f.s.DefaultListableBeanFactory     : Creating shared instance of singleton bean 'org.springframework.context.annotation.internalAutowiredAnnotationProcessor'
2023-02-12 23:03:20.077 DEBUG 2624 --- [main] o.s.b.f.s.DefaultListableBeanFactory     : Creating shared instance of singleton bean 'org.springframework.context.annotation.internalCommonAnnotationProcessor'
2023-02-12 23:03:20.077 DEBUG 2624 --- [main] o.s.u.c.s.UiApplicationContextUtils      : Unable to locate ThemeSource with name 'themeSource': using default [org.springframework.ui.context.support.ResourceBundleThemeSource@130e116b]
2023-02-12 23:03:20.077 DEBUG 2624 --- [main] o.s.b.f.s.DefaultListableBeanFactory     : Creating shared instance of singleton bean 'underTowWebServerFactory'
2023-02-12 23:03:20.093 DEBUG 2624 --- [main] o.s.b.f.s.DefaultListableBeanFactory     : Creating shared instance of singleton bean 'jzero.config.autoconfig.UnderTowWebServerConfig'
2023-02-12 23:03:20.093 DEBUG 2624 --- [main] o.s.b.f.s.DefaultListableBeanFactory     : Autowiring by type from bean name 'underTowWebServerFactory' via factory method to bean named 'environment'
2023-02-12 23:03:20.108  WARN 2624 --- [main] ConfigServletWebServerApplicationContext : Exception encountered during context initialization - cancelling refresh attempt: org.springframework.context.ApplicationContextException: Unable to start web server; nested exception is org.springframework.beans.factory.BeanCreationException: Error creating bean with name 'underTowWebServerFactory' defined in class path resource [jzero/config/autoconfig/UnderTowWebServerConfig.class]: Bean instantiation via factory method failed; nested exception is org.springframework.beans.BeanInstantiationException: Failed to instantiate [org.springframework.boot.web.servlet.server.ServletWebServerFactory]: Factory method 'servletWebServerFactory' threw exception; nested exception is java.lang.IllegalArgumentException: ContextPath must start with '/' and not end with '/'
2023-02-12 23:03:20.108 DEBUG 2624 --- [main] ConditionEvaluationReportLoggingListener : 


============================
CONDITIONS EVALUATION REPORT
============================


Positive matches:
-----------------

   UnderTowWebServerConfig#servletWebServerFactory matched:
      - @ConditionalOnMissingBean (types: org.springframework.boot.web.servlet.server.ServletWebServerFactory; SearchStrategy: all) did not find any beans (OnBeanCondition)


Negative matches:
-----------------

   JettyWebServerConfig#servletWebServerFactory:
      Did not match:
         - @ConditionalOnMissingBean (types: org.springframework.boot.web.servlet.server.ServletWebServerFactory; SearchStrategy: all) found beans of type 'org.springframework.boot.web.servlet.server.ServletWebServerFactory' underTowWebServerFactory (OnBeanCondition)

   TomcatWebServerConfig#servletWebServerFactory:
      Did not match:
         - @ConditionalOnMissingBean (types: org.springframework.boot.web.servlet.server.ServletWebServerFactory; SearchStrategy: all) found beans of type 'org.springframework.boot.web.servlet.server.ServletWebServerFactory' underTowWebServerFactory (OnBeanCondition)


Exclusions:
-----------

    None


Unconditional classes:
----------------------

    None



2023-02-12 23:03:20.140 ERROR 2624 --- [main] o.s.boot.SpringApplication               : Application run failed

org.springframework.context.ApplicationContextException: Unable to start web server; nested exception is org.springframework.beans.factory.BeanCreationException: Error creating bean with name 'underTowWebServerFactory' defined in class path resource [jzero/config/autoconfig/UnderTowWebServerConfig.class]: Bean instantiation via factory method failed; nested exception is org.springframework.beans.BeanInstantiationException: Failed to instantiate [org.springframework.boot.web.servlet.server.ServletWebServerFactory]: Factory method 'servletWebServerFactory' threw exception; nested exception is java.lang.IllegalArgumentException: ContextPath must start with '/' and not end with '/'
	at org.springframework.boot.web.servlet.context.ServletWebServerApplicationContext.onRefresh(ServletWebServerApplicationContext.java:165)
	at org.springframework.context.support.AbstractApplicationContext.refresh(AbstractApplicationContext.java:577)
	at org.springframework.boot.web.servlet.context.ServletWebServerApplicationContext.refresh(ServletWebServerApplicationContext.java:147)
	at org.springframework.boot.SpringApplication.refresh(SpringApplication.java:731)
	at org.springframework.boot.SpringApplication.refreshContext(SpringApplication.java:408)
	at org.springframework.boot.SpringApplication.run(SpringApplication.java:307)
	at org.springframework.boot.SpringApplication.run(SpringApplication.java:1303)
	at org.springframework.boot.SpringApplication.run(SpringApplication.java:1292)
	at jzero.helloboot.HellobootApplication.main(HellobootApplication.java:41)
Caused by: org.springframework.beans.factory.BeanCreationException: Error creating bean with name 'underTowWebServerFactory' defined in class path resource [jzero/config/autoconfig/UnderTowWebServerConfig.class]: Bean instantiation via factory method failed; nested exception is org.springframework.beans.BeanInstantiationException: Failed to instantiate [org.springframework.boot.web.servlet.server.ServletWebServerFactory]: Factory method 'servletWebServerFactory' threw exception; nested exception is java.lang.IllegalArgumentException: ContextPath must start with '/' and not end with '/'
	at org.springframework.beans.factory.support.ConstructorResolver.instantiate(ConstructorResolver.java:658)
	at org.springframework.beans.factory.support.ConstructorResolver.instantiateUsingFactoryMethod(ConstructorResolver.java:638)
	at org.springframework.beans.factory.support.AbstractAutowireCapableBeanFactory.instantiateUsingFactoryMethod(AbstractAutowireCapableBeanFactory.java:1352)
	at org.springframework.beans.factory.support.AbstractAutowireCapableBeanFactory.createBeanInstance(AbstractAutowireCapableBeanFactory.java:1195)
	at org.springframework.beans.factory.support.AbstractAutowireCapableBeanFactory.doCreateBean(AbstractAutowireCapableBeanFactory.java:582)
	at org.springframework.beans.factory.support.AbstractAutowireCapableBeanFactory.createBean(AbstractAutowireCapableBeanFactory.java:542)
	at org.springframework.beans.factory.support.AbstractBeanFactory.lambda$doGetBean$0(AbstractBeanFactory.java:335)
	at org.springframework.beans.factory.support.DefaultSingletonBeanRegistry.getSingleton(DefaultSingletonBeanRegistry.java:234)
	at org.springframework.beans.factory.support.AbstractBeanFactory.doGetBean(AbstractBeanFactory.java:333)
	at org.springframework.beans.factory.support.AbstractBeanFactory.getBean(AbstractBeanFactory.java:213)
	at org.springframework.boot.web.servlet.context.ServletWebServerApplicationContext.getWebServerFactory(ServletWebServerApplicationContext.java:219)
	at org.springframework.boot.web.servlet.context.ServletWebServerApplicationContext.createWebServer(ServletWebServerApplicationContext.java:182)
	at org.springframework.boot.web.servlet.context.ServletWebServerApplicationContext.onRefresh(ServletWebServerApplicationContext.java:162)
	... 8 common frames omitted
Caused by: org.springframework.beans.BeanInstantiationException: Failed to instantiate [org.springframework.boot.web.servlet.server.ServletWebServerFactory]: Factory method 'servletWebServerFactory' threw exception; nested exception is java.lang.IllegalArgumentException: ContextPath must start with '/' and not end with '/'
	at org.springframework.beans.factory.support.SimpleInstantiationStrategy.instantiate(SimpleInstantiationStrategy.java:185)
	at org.springframework.beans.factory.support.ConstructorResolver.instantiate(ConstructorResolver.java:653)
	... 20 common frames omitted
Caused by: java.lang.IllegalArgumentException: ContextPath must start with '/' and not end with '/'
	at org.springframework.boot.web.servlet.server.AbstractServletWebServerFactory.checkContextPath(AbstractServletWebServerFactory.java:140)
	at org.springframework.boot.web.servlet.server.AbstractServletWebServerFactory.setContextPath(AbstractServletWebServerFactory.java:129)
	at jzero.config.autoconfig.UnderTowWebServerConfig.servletWebServerFactory(UnderTowWebServerConfig.java:26)
	at sun.reflect.NativeMethodAccessorImpl.invoke0(Native Method)
	at sun.reflect.NativeMethodAccessorImpl.invoke(NativeMethodAccessorImpl.java:62)
	at sun.reflect.DelegatingMethodAccessorImpl.invoke(DelegatingMethodAccessorImpl.java:43)
	at java.lang.reflect.Method.invoke(Method.java:498)
	at org.springframework.beans.factory.support.SimpleInstantiationStrategy.instantiate(SimpleInstantiationStrategy.java:154)
	... 21 common frames omitted

2023-02-12 23:07:16.637  INFO 10496 --- [main] jzero.helloboot.HellobootApplication     : Starting HellobootApplication using Java 1.8.0_301 on DESKTOP-8T9NKNK with PID 10496 (C:\workspace_intellj\springboot_prac\build\classes\java\main started by KJY in C:\workspace_intellj\springboot_prac)
2023-02-12 23:07:16.637 DEBUG 10496 --- [main] jzero.helloboot.HellobootApplication     : Running with Spring Boot v2.7.9-SNAPSHOT, Spring v5.3.25
2023-02-12 23:07:16.637  INFO 10496 --- [main] jzero.helloboot.HellobootApplication     : No active profile set, falling back to 1 default profile: "default"
2023-02-12 23:07:16.637 DEBUG 10496 --- [main] o.s.boot.SpringApplication               : Loading source class jzero.helloboot.HellobootApplication
2023-02-12 23:07:16.683 DEBUG 10496 --- [main] ConfigServletWebServerApplicationContext : Refreshing org.springframework.boot.web.servlet.context.AnnotationConfigServletWebServerApplicationContext@4d910fd6
2023-02-12 23:07:16.699 DEBUG 10496 --- [main] o.s.b.f.s.DefaultListableBeanFactory     : Creating shared instance of singleton bean 'org.springframework.context.annotation.internalConfigurationAnnotationProcessor'
2023-02-12 23:07:16.715 DEBUG 10496 --- [main] o.s.b.f.s.DefaultListableBeanFactory     : Creating shared instance of singleton bean 'org.springframework.boot.autoconfigure.internalCachingMetadataReaderFactory'
2023-02-12 23:07:16.824 DEBUG 10496 --- [main] o.s.c.a.ClassPathBeanDefinitionScanner   : Identified candidate component class: file [C:\workspace_intellj\springboot_prac\build\classes\java\main\jzero\helloboot\HelloController.class]
2023-02-12 23:07:16.824 DEBUG 10496 --- [main] o.s.c.a.ClassPathBeanDefinitionScanner   : Identified candidate component class: file [C:\workspace_intellj\springboot_prac\build\classes\java\main\jzero\helloboot\HelloDecorator.class]
2023-02-12 23:07:16.824 DEBUG 10496 --- [main] o.s.c.a.ClassPathBeanDefinitionScanner   : Ignored because not a concrete top-level class: file [C:\workspace_intellj\springboot_prac\build\classes\java\main\jzero\helloboot\MyComponent.class]
2023-02-12 23:07:16.824 DEBUG 10496 --- [main] o.s.c.a.ClassPathBeanDefinitionScanner   : Identified candidate component class: file [C:\workspace_intellj\springboot_prac\build\classes\java\main\jzero\helloboot\SimpleHelloService.class]
2023-02-12 23:07:16.840  WARN 10496 --- [main] ConfigServletWebServerApplicationContext : Exception encountered during context initialization - cancelling refresh attempt: org.springframework.beans.factory.BeanDefinitionStoreException: Failed to process import candidates for configuration class [jzero.helloboot.HellobootApplication]; nested exception is java.io.FileNotFoundException: class path resource [jzero/config/autuconfig/PropertyPlaceHolderConfig.class] cannot be opened because it does not exist
2023-02-12 23:07:16.902 ERROR 10496 --- [main] o.s.boot.SpringApplication               : Application run failed

org.springframework.beans.factory.BeanDefinitionStoreException: Failed to process import candidates for configuration class [jzero.helloboot.HellobootApplication]; nested exception is java.io.FileNotFoundException: class path resource [jzero/config/autuconfig/PropertyPlaceHolderConfig.class] cannot be opened because it does not exist
	at org.springframework.context.annotation.ConfigurationClassParser$DeferredImportSelectorGroupingHandler.lambda$processGroupImports$1(ConfigurationClassParser.java:822)
	at java.util.ArrayList.forEach(ArrayList.java:1259)
	at org.springframework.context.annotation.ConfigurationClassParser$DeferredImportSelectorGroupingHandler.processGroupImports(ConfigurationClassParser.java:809)
	at org.springframework.context.annotation.ConfigurationClassParser$DeferredImportSelectorHandler.process(ConfigurationClassParser.java:780)
	at org.springframework.context.annotation.ConfigurationClassParser.parse(ConfigurationClassParser.java:192)
	at org.springframework.context.annotation.ConfigurationClassPostProcessor.processConfigBeanDefinitions(ConfigurationClassPostProcessor.java:331)
	at org.springframework.context.annotation.ConfigurationClassPostProcessor.postProcessBeanDefinitionRegistry(ConfigurationClassPostProcessor.java:247)
	at org.springframework.context.support.PostProcessorRegistrationDelegate.invokeBeanDefinitionRegistryPostProcessors(PostProcessorRegistrationDelegate.java:311)
	at org.springframework.context.support.PostProcessorRegistrationDelegate.invokeBeanFactoryPostProcessors(PostProcessorRegistrationDelegate.java:112)
	at org.springframework.context.support.AbstractApplicationContext.invokeBeanFactoryPostProcessors(AbstractApplicationContext.java:746)
	at org.springframework.context.support.AbstractApplicationContext.refresh(AbstractApplicationContext.java:564)
	at org.springframework.boot.web.servlet.context.ServletWebServerApplicationContext.refresh(ServletWebServerApplicationContext.java:147)
	at org.springframework.boot.SpringApplication.refresh(SpringApplication.java:731)
	at org.springframework.boot.SpringApplication.refreshContext(SpringApplication.java:408)
	at org.springframework.boot.SpringApplication.run(SpringApplication.java:307)
	at org.springframework.boot.SpringApplication.run(SpringApplication.java:1303)
	at org.springframework.boot.SpringApplication.run(SpringApplication.java:1292)
	at jzero.helloboot.HellobootApplication.main(HellobootApplication.java:41)
Caused by: java.io.FileNotFoundException: class path resource [jzero/config/autuconfig/PropertyPlaceHolderConfig.class] cannot be opened because it does not exist
	at org.springframework.core.io.ClassPathResource.getInputStream(ClassPathResource.java:199)
	at org.springframework.core.type.classreading.SimpleMetadataReader.getClassReader(SimpleMetadataReader.java:55)
	at org.springframework.core.type.classreading.SimpleMetadataReader.<init>(SimpleMetadataReader.java:48)
	at org.springframework.core.type.classreading.SimpleMetadataReaderFactory.getMetadataReader(SimpleMetadataReaderFactory.java:103)
	at org.springframework.boot.type.classreading.ConcurrentReferenceCachingMetadataReaderFactory.createMetadataReader(ConcurrentReferenceCachingMetadataReaderFactory.java:86)
	at org.springframework.boot.type.classreading.ConcurrentReferenceCachingMetadataReaderFactory.getMetadataReader(ConcurrentReferenceCachingMetadataReaderFactory.java:73)
	at org.springframework.core.type.classreading.SimpleMetadataReaderFactory.getMetadataReader(SimpleMetadataReaderFactory.java:81)
	at org.springframework.context.annotation.ConfigurationClassParser.asSourceClass(ConfigurationClassParser.java:696)
	at org.springframework.context.annotation.ConfigurationClassParser$DeferredImportSelectorGroupingHandler.lambda$processGroupImports$1(ConfigurationClassParser.java:813)
	... 17 common frames omitted

2023-02-12 23:09:12.509  INFO 6288 --- [main] jzero.helloboot.HellobootApplication     : Starting HellobootApplication using Java 1.8.0_301 on DESKTOP-8T9NKNK with PID 6288 (C:\workspace_intellj\springboot_prac\build\classes\java\main started by KJY in C:\workspace_intellj\springboot_prac)
2023-02-12 23:09:12.510 DEBUG 6288 --- [main] jzero.helloboot.HellobootApplication     : Running with Spring Boot v2.7.9-SNAPSHOT, Spring v5.3.25
2023-02-12 23:09:12.511  INFO 6288 --- [main] jzero.helloboot.HellobootApplication     : No active profile set, falling back to 1 default profile: "default"
2023-02-12 23:09:12.512 DEBUG 6288 --- [main] o.s.boot.SpringApplication               : Loading source class jzero.helloboot.HellobootApplication
2023-02-12 23:09:12.556 DEBUG 6288 --- [main] ConfigServletWebServerApplicationContext : Refreshing org.springframework.boot.web.servlet.context.AnnotationConfigServletWebServerApplicationContext@4d910fd6
2023-02-12 23:09:12.576 DEBUG 6288 --- [main] o.s.b.f.s.DefaultListableBeanFactory     : Creating shared instance of singleton bean 'org.springframework.context.annotation.internalConfigurationAnnotationProcessor'
2023-02-12 23:09:12.596 DEBUG 6288 --- [main] o.s.b.f.s.DefaultListableBeanFactory     : Creating shared instance of singleton bean 'org.springframework.boot.autoconfigure.internalCachingMetadataReaderFactory'
2023-02-12 23:09:12.665 DEBUG 6288 --- [main] o.s.c.a.ClassPathBeanDefinitionScanner   : Identified candidate component class: file [C:\workspace_intellj\springboot_prac\build\classes\java\main\jzero\helloboot\HelloController.class]
2023-02-12 23:09:12.681 DEBUG 6288 --- [main] o.s.c.a.ClassPathBeanDefinitionScanner   : Identified candidate component class: file [C:\workspace_intellj\springboot_prac\build\classes\java\main\jzero\helloboot\HelloDecorator.class]
2023-02-12 23:09:12.681 DEBUG 6288 --- [main] o.s.c.a.ClassPathBeanDefinitionScanner   : Ignored because not a concrete top-level class: file [C:\workspace_intellj\springboot_prac\build\classes\java\main\jzero\helloboot\MyComponent.class]
2023-02-12 23:09:12.681 DEBUG 6288 --- [main] o.s.c.a.ClassPathBeanDefinitionScanner   : Identified candidate component class: file [C:\workspace_intellj\springboot_prac\build\classes\java\main\jzero\helloboot\SimpleHelloService.class]
2023-02-12 23:09:12.697  WARN 6288 --- [main] ConfigServletWebServerApplicationContext : Exception encountered during context initialization - cancelling refresh attempt: org.springframework.beans.factory.BeanDefinitionStoreException: Failed to process import candidates for configuration class [jzero.helloboot.HellobootApplication]; nested exception is java.io.FileNotFoundException: class path resource [jzero/config/autuconfig/PropertyPlaceHolderConfig.class] cannot be opened because it does not exist
2023-02-12 23:09:12.744 ERROR 6288 --- [main] o.s.boot.SpringApplication               : Application run failed

org.springframework.beans.factory.BeanDefinitionStoreException: Failed to process import candidates for configuration class [jzero.helloboot.HellobootApplication]; nested exception is java.io.FileNotFoundException: class path resource [jzero/config/autuconfig/PropertyPlaceHolderConfig.class] cannot be opened because it does not exist
	at org.springframework.context.annotation.ConfigurationClassParser$DeferredImportSelectorGroupingHandler.lambda$processGroupImports$1(ConfigurationClassParser.java:822)
	at java.util.ArrayList.forEach(ArrayList.java:1259)
	at org.springframework.context.annotation.ConfigurationClassParser$DeferredImportSelectorGroupingHandler.processGroupImports(ConfigurationClassParser.java:809)
	at org.springframework.context.annotation.ConfigurationClassParser$DeferredImportSelectorHandler.process(ConfigurationClassParser.java:780)
	at org.springframework.context.annotation.ConfigurationClassParser.parse(ConfigurationClassParser.java:192)
	at org.springframework.context.annotation.ConfigurationClassPostProcessor.processConfigBeanDefinitions(ConfigurationClassPostProcessor.java:331)
	at org.springframework.context.annotation.ConfigurationClassPostProcessor.postProcessBeanDefinitionRegistry(ConfigurationClassPostProcessor.java:247)
	at org.springframework.context.support.PostProcessorRegistrationDelegate.invokeBeanDefinitionRegistryPostProcessors(PostProcessorRegistrationDelegate.java:311)
	at org.springframework.context.support.PostProcessorRegistrationDelegate.invokeBeanFactoryPostProcessors(PostProcessorRegistrationDelegate.java:112)
	at org.springframework.context.support.AbstractApplicationContext.invokeBeanFactoryPostProcessors(AbstractApplicationContext.java:746)
	at org.springframework.context.support.AbstractApplicationContext.refresh(AbstractApplicationContext.java:564)
	at org.springframework.boot.web.servlet.context.ServletWebServerApplicationContext.refresh(ServletWebServerApplicationContext.java:147)
	at org.springframework.boot.SpringApplication.refresh(SpringApplication.java:731)
	at org.springframework.boot.SpringApplication.refreshContext(SpringApplication.java:408)
	at org.springframework.boot.SpringApplication.run(SpringApplication.java:307)
	at org.springframework.boot.SpringApplication.run(SpringApplication.java:1303)
	at org.springframework.boot.SpringApplication.run(SpringApplication.java:1292)
	at jzero.helloboot.HellobootApplication.main(HellobootApplication.java:41)
Caused by: java.io.FileNotFoundException: class path resource [jzero/config/autuconfig/PropertyPlaceHolderConfig.class] cannot be opened because it does not exist
	at org.springframework.core.io.ClassPathResource.getInputStream(ClassPathResource.java:199)
	at org.springframework.core.type.classreading.SimpleMetadataReader.getClassReader(SimpleMetadataReader.java:55)
	at org.springframework.core.type.classreading.SimpleMetadataReader.<init>(SimpleMetadataReader.java:48)
	at org.springframework.core.type.classreading.SimpleMetadataReaderFactory.getMetadataReader(SimpleMetadataReaderFactory.java:103)
	at org.springframework.boot.type.classreading.ConcurrentReferenceCachingMetadataReaderFactory.createMetadataReader(ConcurrentReferenceCachingMetadataReaderFactory.java:86)
	at org.springframework.boot.type.classreading.ConcurrentReferenceCachingMetadataReaderFactory.getMetadataReader(ConcurrentReferenceCachingMetadataReaderFactory.java:73)
	at org.springframework.core.type.classreading.SimpleMetadataReaderFactory.getMetadataReader(SimpleMetadataReaderFactory.java:81)
	at org.springframework.context.annotation.ConfigurationClassParser.asSourceClass(ConfigurationClassParser.java:696)
	at org.springframework.context.annotation.ConfigurationClassParser$DeferredImportSelectorGroupingHandler.lambda$processGroupImports$1(ConfigurationClassParser.java:813)
	... 17 common frames omitted

2023-02-12 23:16:09.559  INFO 5620 --- [main] jzero.helloboot.HellobootApplication     : Starting HellobootApplication using Java 1.8.0_301 on DESKTOP-8T9NKNK with PID 5620 (C:\workspace_intellj\springboot_prac\build\classes\java\main started by KJY in C:\workspace_intellj\springboot_prac)
2023-02-12 23:16:09.559 DEBUG 5620 --- [main] jzero.helloboot.HellobootApplication     : Running with Spring Boot v2.7.9-SNAPSHOT, Spring v5.3.25
2023-02-12 23:16:09.559  INFO 5620 --- [main] jzero.helloboot.HellobootApplication     : No active profile set, falling back to 1 default profile: "default"
2023-02-12 23:16:09.559 DEBUG 5620 --- [main] o.s.boot.SpringApplication               : Loading source class jzero.helloboot.HellobootApplication
2023-02-12 23:16:09.606 DEBUG 5620 --- [main] ConfigServletWebServerApplicationContext : Refreshing org.springframework.boot.web.servlet.context.AnnotationConfigServletWebServerApplicationContext@4d910fd6
2023-02-12 23:16:09.622 DEBUG 5620 --- [main] o.s.b.f.s.DefaultListableBeanFactory     : Creating shared instance of singleton bean 'org.springframework.context.annotation.internalConfigurationAnnotationProcessor'
2023-02-12 23:16:09.637 DEBUG 5620 --- [main] o.s.b.f.s.DefaultListableBeanFactory     : Creating shared instance of singleton bean 'org.springframework.boot.autoconfigure.internalCachingMetadataReaderFactory'
2023-02-12 23:16:09.731 DEBUG 5620 --- [main] o.s.c.a.ClassPathBeanDefinitionScanner   : Identified candidate component class: file [C:\workspace_intellj\springboot_prac\build\classes\java\main\jzero\helloboot\HelloController.class]
2023-02-12 23:16:09.731 DEBUG 5620 --- [main] o.s.c.a.ClassPathBeanDefinitionScanner   : Identified candidate component class: file [C:\workspace_intellj\springboot_prac\build\classes\java\main\jzero\helloboot\HelloDecorator.class]
2023-02-12 23:16:09.731 DEBUG 5620 --- [main] o.s.c.a.ClassPathBeanDefinitionScanner   : Ignored because not a concrete top-level class: file [C:\workspace_intellj\springboot_prac\build\classes\java\main\jzero\helloboot\MyComponent.class]
2023-02-12 23:16:09.731 DEBUG 5620 --- [main] o.s.c.a.ClassPathBeanDefinitionScanner   : Identified candidate component class: file [C:\workspace_intellj\springboot_prac\build\classes\java\main\jzero\helloboot\SimpleHelloService.class]
2023-02-12 23:16:09.762  WARN 5620 --- [main] ConfigServletWebServerApplicationContext : Exception encountered during context initialization - cancelling refresh attempt: org.springframework.beans.factory.BeanDefinitionStoreException: Failed to process import candidates for configuration class [jzero.helloboot.HellobootApplication]; nested exception is java.io.FileNotFoundException: class path resource [jzero/config/autuconfig/PropertyPlaceHolderConfig.class] cannot be opened because it does not exist
2023-02-12 23:16:09.809 ERROR 5620 --- [main] o.s.boot.SpringApplication               : Application run failed

org.springframework.beans.factory.BeanDefinitionStoreException: Failed to process import candidates for configuration class [jzero.helloboot.HellobootApplication]; nested exception is java.io.FileNotFoundException: class path resource [jzero/config/autuconfig/PropertyPlaceHolderConfig.class] cannot be opened because it does not exist
	at org.springframework.context.annotation.ConfigurationClassParser$DeferredImportSelectorGroupingHandler.lambda$processGroupImports$1(ConfigurationClassParser.java:822)
	at java.util.ArrayList.forEach(ArrayList.java:1259)
	at org.springframework.context.annotation.ConfigurationClassParser$DeferredImportSelectorGroupingHandler.processGroupImports(ConfigurationClassParser.java:809)
	at org.springframework.context.annotation.ConfigurationClassParser$DeferredImportSelectorHandler.process(ConfigurationClassParser.java:780)
	at org.springframework.context.annotation.ConfigurationClassParser.parse(ConfigurationClassParser.java:192)
	at org.springframework.context.annotation.ConfigurationClassPostProcessor.processConfigBeanDefinitions(ConfigurationClassPostProcessor.java:331)
	at org.springframework.context.annotation.ConfigurationClassPostProcessor.postProcessBeanDefinitionRegistry(ConfigurationClassPostProcessor.java:247)
	at org.springframework.context.support.PostProcessorRegistrationDelegate.invokeBeanDefinitionRegistryPostProcessors(PostProcessorRegistrationDelegate.java:311)
	at org.springframework.context.support.PostProcessorRegistrationDelegate.invokeBeanFactoryPostProcessors(PostProcessorRegistrationDelegate.java:112)
	at org.springframework.context.support.AbstractApplicationContext.invokeBeanFactoryPostProcessors(AbstractApplicationContext.java:746)
	at org.springframework.context.support.AbstractApplicationContext.refresh(AbstractApplicationContext.java:564)
	at org.springframework.boot.web.servlet.context.ServletWebServerApplicationContext.refresh(ServletWebServerApplicationContext.java:147)
	at org.springframework.boot.SpringApplication.refresh(SpringApplication.java:731)
	at org.springframework.boot.SpringApplication.refreshContext(SpringApplication.java:408)
	at org.springframework.boot.SpringApplication.run(SpringApplication.java:307)
	at org.springframework.boot.SpringApplication.run(SpringApplication.java:1303)
	at org.springframework.boot.SpringApplication.run(SpringApplication.java:1292)
	at jzero.helloboot.HellobootApplication.main(HellobootApplication.java:41)
Caused by: java.io.FileNotFoundException: class path resource [jzero/config/autuconfig/PropertyPlaceHolderConfig.class] cannot be opened because it does not exist
	at org.springframework.core.io.ClassPathResource.getInputStream(ClassPathResource.java:199)
	at org.springframework.core.type.classreading.SimpleMetadataReader.getClassReader(SimpleMetadataReader.java:55)
	at org.springframework.core.type.classreading.SimpleMetadataReader.<init>(SimpleMetadataReader.java:48)
	at org.springframework.core.type.classreading.SimpleMetadataReaderFactory.getMetadataReader(SimpleMetadataReaderFactory.java:103)
	at org.springframework.boot.type.classreading.ConcurrentReferenceCachingMetadataReaderFactory.createMetadataReader(ConcurrentReferenceCachingMetadataReaderFactory.java:86)
	at org.springframework.boot.type.classreading.ConcurrentReferenceCachingMetadataReaderFactory.getMetadataReader(ConcurrentReferenceCachingMetadataReaderFactory.java:73)
	at org.springframework.core.type.classreading.SimpleMetadataReaderFactory.getMetadataReader(SimpleMetadataReaderFactory.java:81)
	at org.springframework.context.annotation.ConfigurationClassParser.asSourceClass(ConfigurationClassParser.java:696)
	at org.springframework.context.annotation.ConfigurationClassParser$DeferredImportSelectorGroupingHandler.lambda$processGroupImports$1(ConfigurationClassParser.java:813)
	... 17 common frames omitted

2023-02-12 23:19:35.120  INFO 1456 --- [main] jzero.helloboot.HellobootApplication     : Starting HellobootApplication using Java 1.8.0_301 on DESKTOP-8T9NKNK with PID 1456 (C:\workspace_intellj\springboot_prac\build\classes\java\main started by KJY in C:\workspace_intellj\springboot_prac)
2023-02-12 23:19:35.120 DEBUG 1456 --- [main] jzero.helloboot.HellobootApplication     : Running with Spring Boot v2.7.9-SNAPSHOT, Spring v5.3.25
2023-02-12 23:19:35.120  INFO 1456 --- [main] jzero.helloboot.HellobootApplication     : No active profile set, falling back to 1 default profile: "default"
2023-02-12 23:19:35.120 DEBUG 1456 --- [main] o.s.boot.SpringApplication               : Loading source class jzero.helloboot.HellobootApplication
2023-02-12 23:19:35.167 DEBUG 1456 --- [main] ConfigServletWebServerApplicationContext : Refreshing org.springframework.boot.web.servlet.context.AnnotationConfigServletWebServerApplicationContext@4d910fd6
2023-02-12 23:19:35.199 DEBUG 1456 --- [main] o.s.b.f.s.DefaultListableBeanFactory     : Creating shared instance of singleton bean 'org.springframework.context.annotation.internalConfigurationAnnotationProcessor'
2023-02-12 23:19:35.214 DEBUG 1456 --- [main] o.s.b.f.s.DefaultListableBeanFactory     : Creating shared instance of singleton bean 'org.springframework.boot.autoconfigure.internalCachingMetadataReaderFactory'
2023-02-12 23:19:35.308 DEBUG 1456 --- [main] o.s.c.a.ClassPathBeanDefinitionScanner   : Identified candidate component class: file [C:\workspace_intellj\springboot_prac\build\classes\java\main\jzero\helloboot\HelloController.class]
2023-02-12 23:19:35.308 DEBUG 1456 --- [main] o.s.c.a.ClassPathBeanDefinitionScanner   : Identified candidate component class: file [C:\workspace_intellj\springboot_prac\build\classes\java\main\jzero\helloboot\HelloDecorator.class]
2023-02-12 23:19:35.324 DEBUG 1456 --- [main] o.s.c.a.ClassPathBeanDefinitionScanner   : Ignored because not a concrete top-level class: file [C:\workspace_intellj\springboot_prac\build\classes\java\main\jzero\helloboot\MyComponent.class]
2023-02-12 23:19:35.324 DEBUG 1456 --- [main] o.s.c.a.ClassPathBeanDefinitionScanner   : Identified candidate component class: file [C:\workspace_intellj\springboot_prac\build\classes\java\main\jzero\helloboot\SimpleHelloService.class]
2023-02-12 23:19:35.339  WARN 1456 --- [main] ConfigServletWebServerApplicationContext : Exception encountered during context initialization - cancelling refresh attempt: org.springframework.beans.factory.BeanDefinitionStoreException: Failed to process import candidates for configuration class [jzero.helloboot.HellobootApplication]; nested exception is java.io.FileNotFoundException: class path resource [jzero/config/autuconfig/PropertyPlaceHolderConfig.class] cannot be opened because it does not exist
2023-02-12 23:19:35.386 ERROR 1456 --- [main] o.s.boot.SpringApplication               : Application run failed

org.springframework.beans.factory.BeanDefinitionStoreException: Failed to process import candidates for configuration class [jzero.helloboot.HellobootApplication]; nested exception is java.io.FileNotFoundException: class path resource [jzero/config/autuconfig/PropertyPlaceHolderConfig.class] cannot be opened because it does not exist
	at org.springframework.context.annotation.ConfigurationClassParser$DeferredImportSelectorGroupingHandler.lambda$processGroupImports$1(ConfigurationClassParser.java:822)
	at java.util.ArrayList.forEach(ArrayList.java:1259)
	at org.springframework.context.annotation.ConfigurationClassParser$DeferredImportSelectorGroupingHandler.processGroupImports(ConfigurationClassParser.java:809)
	at org.springframework.context.annotation.ConfigurationClassParser$DeferredImportSelectorHandler.process(ConfigurationClassParser.java:780)
	at org.springframework.context.annotation.ConfigurationClassParser.parse(ConfigurationClassParser.java:192)
	at org.springframework.context.annotation.ConfigurationClassPostProcessor.processConfigBeanDefinitions(ConfigurationClassPostProcessor.java:331)
	at org.springframework.context.annotation.ConfigurationClassPostProcessor.postProcessBeanDefinitionRegistry(ConfigurationClassPostProcessor.java:247)
	at org.springframework.context.support.PostProcessorRegistrationDelegate.invokeBeanDefinitionRegistryPostProcessors(PostProcessorRegistrationDelegate.java:311)
	at org.springframework.context.support.PostProcessorRegistrationDelegate.invokeBeanFactoryPostProcessors(PostProcessorRegistrationDelegate.java:112)
	at org.springframework.context.support.AbstractApplicationContext.invokeBeanFactoryPostProcessors(AbstractApplicationContext.java:746)
	at org.springframework.context.support.AbstractApplicationContext.refresh(AbstractApplicationContext.java:564)
	at org.springframework.boot.web.servlet.context.ServletWebServerApplicationContext.refresh(ServletWebServerApplicationContext.java:147)
	at org.springframework.boot.SpringApplication.refresh(SpringApplication.java:731)
	at org.springframework.boot.SpringApplication.refreshContext(SpringApplication.java:408)
	at org.springframework.boot.SpringApplication.run(SpringApplication.java:307)
	at org.springframework.boot.SpringApplication.run(SpringApplication.java:1303)
	at org.springframework.boot.SpringApplication.run(SpringApplication.java:1292)
	at jzero.helloboot.HellobootApplication.main(HellobootApplication.java:41)
Caused by: java.io.FileNotFoundException: class path resource [jzero/config/autuconfig/PropertyPlaceHolderConfig.class] cannot be opened because it does not exist
	at org.springframework.core.io.ClassPathResource.getInputStream(ClassPathResource.java:199)
	at org.springframework.core.type.classreading.SimpleMetadataReader.getClassReader(SimpleMetadataReader.java:55)
	at org.springframework.core.type.classreading.SimpleMetadataReader.<init>(SimpleMetadataReader.java:48)
	at org.springframework.core.type.classreading.SimpleMetadataReaderFactory.getMetadataReader(SimpleMetadataReaderFactory.java:103)
	at org.springframework.boot.type.classreading.ConcurrentReferenceCachingMetadataReaderFactory.createMetadataReader(ConcurrentReferenceCachingMetadataReaderFactory.java:86)
	at org.springframework.boot.type.classreading.ConcurrentReferenceCachingMetadataReaderFactory.getMetadataReader(ConcurrentReferenceCachingMetadataReaderFactory.java:73)
	at org.springframework.core.type.classreading.SimpleMetadataReaderFactory.getMetadataReader(SimpleMetadataReaderFactory.java:81)
	at org.springframework.context.annotation.ConfigurationClassParser.asSourceClass(ConfigurationClassParser.java:696)
	at org.springframework.context.annotation.ConfigurationClassParser$DeferredImportSelectorGroupingHandler.lambda$processGroupImports$1(ConfigurationClassParser.java:813)
	... 17 common frames omitted

2023-02-12 23:22:15.516  INFO 6852 --- [main] jzero.helloboot.HellobootApplication     : Starting HellobootApplication using Java 1.8.0_301 on DESKTOP-8T9NKNK with PID 6852 (C:\workspace_intellj\springboot_prac\build\classes\java\main started by KJY in C:\workspace_intellj\springboot_prac)
2023-02-12 23:22:15.516 DEBUG 6852 --- [main] jzero.helloboot.HellobootApplication     : Running with Spring Boot v2.7.9-SNAPSHOT, Spring v5.3.25
2023-02-12 23:22:15.516  INFO 6852 --- [main] jzero.helloboot.HellobootApplication     : No active profile set, falling back to 1 default profile: "default"
2023-02-12 23:22:15.516 DEBUG 6852 --- [main] o.s.boot.SpringApplication               : Loading source class jzero.helloboot.HellobootApplication
2023-02-12 23:22:15.563 DEBUG 6852 --- [main] ConfigServletWebServerApplicationContext : Refreshing org.springframework.boot.web.servlet.context.AnnotationConfigServletWebServerApplicationContext@4d910fd6
2023-02-12 23:22:15.579 DEBUG 6852 --- [main] o.s.b.f.s.DefaultListableBeanFactory     : Creating shared instance of singleton bean 'org.springframework.context.annotation.internalConfigurationAnnotationProcessor'
2023-02-12 23:22:15.610 DEBUG 6852 --- [main] o.s.b.f.s.DefaultListableBeanFactory     : Creating shared instance of singleton bean 'org.springframework.boot.autoconfigure.internalCachingMetadataReaderFactory'
2023-02-12 23:22:15.688 DEBUG 6852 --- [main] o.s.c.a.ClassPathBeanDefinitionScanner   : Identified candidate component class: file [C:\workspace_intellj\springboot_prac\build\classes\java\main\jzero\helloboot\HelloController.class]
2023-02-12 23:22:15.688 DEBUG 6852 --- [main] o.s.c.a.ClassPathBeanDefinitionScanner   : Identified candidate component class: file [C:\workspace_intellj\springboot_prac\build\classes\java\main\jzero\helloboot\HelloDecorator.class]
2023-02-12 23:22:15.704 DEBUG 6852 --- [main] o.s.c.a.ClassPathBeanDefinitionScanner   : Ignored because not a concrete top-level class: file [C:\workspace_intellj\springboot_prac\build\classes\java\main\jzero\helloboot\MyComponent.class]
2023-02-12 23:22:15.704 DEBUG 6852 --- [main] o.s.c.a.ClassPathBeanDefinitionScanner   : Identified candidate component class: file [C:\workspace_intellj\springboot_prac\build\classes\java\main\jzero\helloboot\SimpleHelloService.class]
2023-02-12 23:22:15.720  WARN 6852 --- [main] ConfigServletWebServerApplicationContext : Exception encountered during context initialization - cancelling refresh attempt: org.springframework.beans.factory.BeanDefinitionStoreException: Failed to process import candidates for configuration class [jzero.helloboot.HellobootApplication]; nested exception is java.io.FileNotFoundException: class path resource [jzero/config/autuconfig/PropertyPlaceHolderConfig.class] cannot be opened because it does not exist
2023-02-12 23:22:15.766 ERROR 6852 --- [main] o.s.boot.SpringApplication               : Application run failed

org.springframework.beans.factory.BeanDefinitionStoreException: Failed to process import candidates for configuration class [jzero.helloboot.HellobootApplication]; nested exception is java.io.FileNotFoundException: class path resource [jzero/config/autuconfig/PropertyPlaceHolderConfig.class] cannot be opened because it does not exist
	at org.springframework.context.annotation.ConfigurationClassParser$DeferredImportSelectorGroupingHandler.lambda$processGroupImports$1(ConfigurationClassParser.java:822)
	at java.util.ArrayList.forEach(ArrayList.java:1259)
	at org.springframework.context.annotation.ConfigurationClassParser$DeferredImportSelectorGroupingHandler.processGroupImports(ConfigurationClassParser.java:809)
	at org.springframework.context.annotation.ConfigurationClassParser$DeferredImportSelectorHandler.process(ConfigurationClassParser.java:780)
	at org.springframework.context.annotation.ConfigurationClassParser.parse(ConfigurationClassParser.java:192)
	at org.springframework.context.annotation.ConfigurationClassPostProcessor.processConfigBeanDefinitions(ConfigurationClassPostProcessor.java:331)
	at org.springframework.context.annotation.ConfigurationClassPostProcessor.postProcessBeanDefinitionRegistry(ConfigurationClassPostProcessor.java:247)
	at org.springframework.context.support.PostProcessorRegistrationDelegate.invokeBeanDefinitionRegistryPostProcessors(PostProcessorRegistrationDelegate.java:311)
	at org.springframework.context.support.PostProcessorRegistrationDelegate.invokeBeanFactoryPostProcessors(PostProcessorRegistrationDelegate.java:112)
	at org.springframework.context.support.AbstractApplicationContext.invokeBeanFactoryPostProcessors(AbstractApplicationContext.java:746)
	at org.springframework.context.support.AbstractApplicationContext.refresh(AbstractApplicationContext.java:564)
	at org.springframework.boot.web.servlet.context.ServletWebServerApplicationContext.refresh(ServletWebServerApplicationContext.java:147)
	at org.springframework.boot.SpringApplication.refresh(SpringApplication.java:731)
	at org.springframework.boot.SpringApplication.refreshContext(SpringApplication.java:408)
	at org.springframework.boot.SpringApplication.run(SpringApplication.java:307)
	at org.springframework.boot.SpringApplication.run(SpringApplication.java:1303)
	at org.springframework.boot.SpringApplication.run(SpringApplication.java:1292)
	at jzero.helloboot.HellobootApplication.main(HellobootApplication.java:41)
Caused by: java.io.FileNotFoundException: class path resource [jzero/config/autuconfig/PropertyPlaceHolderConfig.class] cannot be opened because it does not exist
	at org.springframework.core.io.ClassPathResource.getInputStream(ClassPathResource.java:199)
	at org.springframework.core.type.classreading.SimpleMetadataReader.getClassReader(SimpleMetadataReader.java:55)
	at org.springframework.core.type.classreading.SimpleMetadataReader.<init>(SimpleMetadataReader.java:48)
	at org.springframework.core.type.classreading.SimpleMetadataReaderFactory.getMetadataReader(SimpleMetadataReaderFactory.java:103)
	at org.springframework.boot.type.classreading.ConcurrentReferenceCachingMetadataReaderFactory.createMetadataReader(ConcurrentReferenceCachingMetadataReaderFactory.java:86)
	at org.springframework.boot.type.classreading.ConcurrentReferenceCachingMetadataReaderFactory.getMetadataReader(ConcurrentReferenceCachingMetadataReaderFactory.java:73)
	at org.springframework.core.type.classreading.SimpleMetadataReaderFactory.getMetadataReader(SimpleMetadataReaderFactory.java:81)
	at org.springframework.context.annotation.ConfigurationClassParser.asSourceClass(ConfigurationClassParser.java:696)
	at org.springframework.context.annotation.ConfigurationClassParser$DeferredImportSelectorGroupingHandler.lambda$processGroupImports$1(ConfigurationClassParser.java:813)
	... 17 common frames omitted

2023-02-12 23:23:44.068  INFO 9468 --- [main] jzero.helloboot.HellobootApplication     : Starting HellobootApplication using Java 1.8.0_301 on DESKTOP-8T9NKNK with PID 9468 (C:\workspace_intellj\springboot_prac\build\classes\java\main started by KJY in C:\workspace_intellj\springboot_prac)
2023-02-12 23:23:44.068 DEBUG 9468 --- [main] jzero.helloboot.HellobootApplication     : Running with Spring Boot v2.7.9-SNAPSHOT, Spring v5.3.25
2023-02-12 23:23:44.068  INFO 9468 --- [main] jzero.helloboot.HellobootApplication     : No active profile set, falling back to 1 default profile: "default"
2023-02-12 23:23:44.068 DEBUG 9468 --- [main] o.s.boot.SpringApplication               : Loading source class jzero.helloboot.HellobootApplication
2023-02-12 23:23:44.099 DEBUG 9468 --- [main] ConfigServletWebServerApplicationContext : Refreshing org.springframework.boot.web.servlet.context.AnnotationConfigServletWebServerApplicationContext@4d910fd6
2023-02-12 23:23:44.130 DEBUG 9468 --- [main] o.s.b.f.s.DefaultListableBeanFactory     : Creating shared instance of singleton bean 'org.springframework.context.annotation.internalConfigurationAnnotationProcessor'
2023-02-12 23:23:44.146 DEBUG 9468 --- [main] o.s.b.f.s.DefaultListableBeanFactory     : Creating shared instance of singleton bean 'org.springframework.boot.autoconfigure.internalCachingMetadataReaderFactory'
2023-02-12 23:23:44.240 DEBUG 9468 --- [main] o.s.c.a.ClassPathBeanDefinitionScanner   : Identified candidate component class: file [C:\workspace_intellj\springboot_prac\build\classes\java\main\jzero\helloboot\HelloController.class]
2023-02-12 23:23:44.240 DEBUG 9468 --- [main] o.s.c.a.ClassPathBeanDefinitionScanner   : Identified candidate component class: file [C:\workspace_intellj\springboot_prac\build\classes\java\main\jzero\helloboot\HelloDecorator.class]
2023-02-12 23:23:44.240 DEBUG 9468 --- [main] o.s.c.a.ClassPathBeanDefinitionScanner   : Ignored because not a concrete top-level class: file [C:\workspace_intellj\springboot_prac\build\classes\java\main\jzero\helloboot\MyComponent.class]
2023-02-12 23:23:44.240 DEBUG 9468 --- [main] o.s.c.a.ClassPathBeanDefinitionScanner   : Identified candidate component class: file [C:\workspace_intellj\springboot_prac\build\classes\java\main\jzero\helloboot\SimpleHelloService.class]
2023-02-12 23:23:44.396 DEBUG 9468 --- [main] o.s.b.f.s.DefaultListableBeanFactory     : Creating shared instance of singleton bean 'propertySourcesPlaceholderConfigurer'
2023-02-12 23:23:44.396 DEBUG 9468 --- [main] o.s.b.f.s.DefaultListableBeanFactory     : Creating shared instance of singleton bean 'jzero.config.autoconfig.PropertyPlaceHolderConfig'
2023-02-12 23:23:44.396 DEBUG 9468 --- [main] o.s.b.f.s.DefaultListableBeanFactory     : Creating shared instance of singleton bean 'org.springframework.context.event.internalEventListenerProcessor'
2023-02-12 23:23:44.396 DEBUG 9468 --- [main] o.s.b.f.s.DefaultListableBeanFactory     : Creating shared instance of singleton bean 'org.springframework.context.event.internalEventListenerFactory'
2023-02-12 23:23:44.412 DEBUG 9468 --- [main] o.s.b.f.s.DefaultListableBeanFactory     : Creating shared instance of singleton bean 'org.springframework.context.annotation.internalAutowiredAnnotationProcessor'
2023-02-12 23:23:44.412 DEBUG 9468 --- [main] o.s.b.f.s.DefaultListableBeanFactory     : Creating shared instance of singleton bean 'org.springframework.context.annotation.internalCommonAnnotationProcessor'
2023-02-12 23:23:44.412 DEBUG 9468 --- [main] o.s.u.c.s.UiApplicationContextUtils      : Unable to locate ThemeSource with name 'themeSource': using default [org.springframework.ui.context.support.ResourceBundleThemeSource@9ebe38b]
2023-02-12 23:23:44.412 DEBUG 9468 --- [main] o.s.b.f.s.DefaultListableBeanFactory     : Creating shared instance of singleton bean 'underTowWebServerFactory'
2023-02-12 23:23:44.412 DEBUG 9468 --- [main] o.s.b.f.s.DefaultListableBeanFactory     : Creating shared instance of singleton bean 'jzero.config.autoconfig.UnderTowWebServerConfig'
2023-02-12 23:23:44.412 DEBUG 9468 --- [main] ySourcesPropertyResolver$DefaultResolver : Found key 'contextPath' in PropertySource 'Config resource 'class path resource [application.properties]' via location 'optional:classpath:/'' with value of type String
2023-02-12 23:23:44.427 DEBUG 9468 --- [main] o.s.c.e.PropertySourcesPropertyResolver  : Found key 'contextPath' in PropertySource 'environmentProperties' with value of type String
2023-02-12 23:23:44.427 DEBUG 9468 --- [main] o.s.c.e.PropertySourcesPropertyResolver  : Found key 'server.port' in PropertySource 'environmentProperties' with value of type String
2023-02-12 23:23:44.459 DEBUG 9468 --- [main] .b.w.e.u.UndertowServletWebServerFactory : Code archive: C:\Users\KJY\.gradle\caches\modules-2\files-2.1\org.springframework.boot\spring-boot\2.7.9-SNAPSHOT\8e5b65adf4c4288837e97aa5db01fb56af1bd738\spring-boot-2.7.9-SNAPSHOT.jar
2023-02-12 23:23:44.459 DEBUG 9468 --- [main] .b.w.e.u.UndertowServletWebServerFactory : Code archive: C:\Users\KJY\.gradle\caches\modules-2\files-2.1\org.springframework.boot\spring-boot\2.7.9-SNAPSHOT\8e5b65adf4c4288837e97aa5db01fb56af1bd738\spring-boot-2.7.9-SNAPSHOT.jar
2023-02-12 23:23:44.459 DEBUG 9468 --- [main] .b.w.e.u.UndertowServletWebServerFactory : None of the document roots [src/main/webapp, public, static] point to a directory and will be ignored.
2023-02-12 23:23:44.599 DEBUG 9468 --- [main] org.jboss.logging                        : Logging Provider: org.jboss.logging.Log4j2LoggerProvider
2023-02-12 23:23:44.630 DEBUG 9468 --- [main] io.undertow.session                      : Setting default session timeout to 1800
2023-02-12 23:23:44.646  INFO 9468 --- [main] io.undertow.servlet                      : Initializing Spring embedded WebApplicationContext
2023-02-12 23:23:44.646 DEBUG 9468 --- [main] w.s.c.ServletWebServerApplicationContext : Published root WebApplicationContext as ServletContext attribute with name [org.springframework.web.context.WebApplicationContext.ROOT]
2023-02-12 23:23:44.646  INFO 9468 --- [main] w.s.c.ServletWebServerApplicationContext : Root WebApplicationContext: initialization completed in 547 ms
2023-02-12 23:23:44.662 DEBUG 9468 --- [main] o.s.b.f.s.DefaultListableBeanFactory     : Creating shared instance of singleton bean 'dispatcherServlet'
2023-02-12 23:23:44.662 DEBUG 9468 --- [main] o.s.b.f.s.DefaultListableBeanFactory     : Creating shared instance of singleton bean 'jzero.config.autoconfig.DispatcherServletConfig'
2023-02-12 23:23:44.677 DEBUG 9468 --- [main] o.s.b.w.s.ServletContextInitializerBeans : Mapping filters: 
2023-02-12 23:23:44.677 DEBUG 9468 --- [main] o.s.b.w.s.ServletContextInitializerBeans : Mapping servlets: dispatcherServlet urls=[/]
2023-02-12 23:23:44.677 DEBUG 9468 --- [main] io.undertow.session                      : Registered session listener io.undertow.servlet.core.SessionListenerBridge@3f07b12c
2023-02-12 23:23:44.709 DEBUG 9468 --- [main] io.undertow.session                      : Setting default session timeout to 1800
2023-02-12 23:23:44.724 DEBUG 9468 --- [main] o.s.b.f.s.DefaultListableBeanFactory     : Creating shared instance of singleton bean 'hellobootApplication'
2023-02-12 23:23:44.724 DEBUG 9468 --- [main] o.s.b.f.s.DefaultListableBeanFactory     : Creating shared instance of singleton bean 'helloController'
2023-02-12 23:23:44.724 DEBUG 9468 --- [main] o.s.b.f.s.DefaultListableBeanFactory     : Creating shared instance of singleton bean 'helloDecorator'
2023-02-12 23:23:44.724 DEBUG 9468 --- [main] o.s.b.f.s.DefaultListableBeanFactory     : Creating shared instance of singleton bean 'simpleHelloService'
2023-02-12 23:23:44.724 DEBUG 9468 --- [main] o.s.b.f.s.DefaultListableBeanFactory     : Autowiring by type from bean name 'helloDecorator' via constructor to bean named 'simpleHelloService'
2023-02-12 23:23:44.724 DEBUG 9468 --- [main] o.s.b.f.s.DefaultListableBeanFactory     : Autowiring by type from bean name 'helloController' via constructor to bean named 'helloDecorator'
2023-02-12 23:23:44.724 DEBUG 9468 --- [main] o.s.b.f.s.DefaultListableBeanFactory     : Creating shared instance of singleton bean 'applicationRunner'
2023-02-12 23:23:44.724 DEBUG 9468 --- [main] o.s.b.f.s.DefaultListableBeanFactory     : Autowiring by type from bean name 'applicationRunner' via factory method to bean named 'environment'
2023-02-12 23:23:44.740 DEBUG 9468 --- [main] o.s.b.f.s.DefaultListableBeanFactory     : Creating shared instance of singleton bean 'jzero.config.autoconfig.TomcatWebServerConfig'
2023-02-12 23:23:44.740 DEBUG 9468 --- [main] o.s.b.f.s.DefaultListableBeanFactory     : Creating shared instance of singleton bean 'jzero.config.autoconfig.JettyWebServerConfig'
2023-02-12 23:23:44.755 DEBUG 9468 --- [main] o.s.c.support.DefaultLifecycleProcessor  : Starting beans in phase -2147483647
2023-02-12 23:23:44.755 DEBUG 9468 --- [main] o.s.c.support.DefaultLifecycleProcessor  : Successfully started bean 'springBootLoggingLifecycle'
2023-02-12 23:23:44.755 DEBUG 9468 --- [main] o.s.c.support.DefaultLifecycleProcessor  : Starting beans in phase 2147483646
2023-02-12 23:23:44.755  INFO 9468 --- [main] io.undertow                              : starting server: Undertow - 2.2.22.Final
2023-02-12 23:23:44.771  INFO 9468 --- [main] org.xnio                                 : XNIO version 3.8.7.Final
2023-02-12 23:23:44.771  INFO 9468 --- [main] org.xnio.nio                             : XNIO NIO Implementation Version 3.8.7.Final
2023-02-12 23:23:44.818 DEBUG 9468 --- [main] org.xnio                                 : Creating worker:null, pool size:64, max pool size:64, keep alive:60000, io threads:8, stack size:0
2023-02-12 23:23:44.834  INFO 9468 --- [main] org.jboss.threads                        : JBoss Threads version 3.1.0.Final
2023-02-12 23:23:44.865 DEBUG 9468 --- [XNIO-1 I/O-1] org.xnio.nio                             : Started channel thread 'XNIO-1 I/O-1', selector sun.nio.ch.WindowsSelectorImpl@54529204
2023-02-12 23:23:44.865 DEBUG 9468 --- [XNIO-1 I/O-4] org.xnio.nio                             : Started channel thread 'XNIO-1 I/O-4', selector sun.nio.ch.WindowsSelectorImpl@141ba1cf
2023-02-12 23:23:44.865 DEBUG 9468 --- [XNIO-1 I/O-5] org.xnio.nio                             : Started channel thread 'XNIO-1 I/O-5', selector sun.nio.ch.WindowsSelectorImpl@64fdfee7
2023-02-12 23:23:44.865 DEBUG 9468 --- [XNIO-1 I/O-2] org.xnio.nio                             : Started channel thread 'XNIO-1 I/O-2', selector sun.nio.ch.WindowsSelectorImpl@15070f6b
2023-02-12 23:23:44.865 DEBUG 9468 --- [XNIO-1 I/O-6] org.xnio.nio                             : Started channel thread 'XNIO-1 I/O-6', selector sun.nio.ch.WindowsSelectorImpl@76d024e2
2023-02-12 23:23:44.865 DEBUG 9468 --- [XNIO-1 I/O-7] org.xnio.nio                             : Started channel thread 'XNIO-1 I/O-7', selector sun.nio.ch.WindowsSelectorImpl@6fef4e60
2023-02-12 23:23:44.865 DEBUG 9468 --- [XNIO-1 I/O-3] org.xnio.nio                             : Started channel thread 'XNIO-1 I/O-3', selector sun.nio.ch.WindowsSelectorImpl@6931f9ad
2023-02-12 23:23:44.865 DEBUG 9468 --- [XNIO-1 I/O-8] org.xnio.nio                             : Started channel thread 'XNIO-1 I/O-8', selector sun.nio.ch.WindowsSelectorImpl@7ec1a2a8
2023-02-12 23:23:44.865 DEBUG 9468 --- [XNIO-1 Accept] org.xnio.nio                             : Started channel thread 'XNIO-1 Accept', selector sun.nio.ch.WindowsSelectorImpl@72a6875c
2023-02-12 23:23:44.865 DEBUG 9468 --- [main] io.undertow                              : Configuring listener with protocol HTTP for interface 0.0.0.0 and port 8776
2023-02-12 23:23:44.896  INFO 9468 --- [main] o.s.b.w.e.undertow.UndertowWebServer     : Undertow started on port(s) 8776 (http) with context path '/app'
2023-02-12 23:23:44.896 DEBUG 9468 --- [main] o.s.c.support.DefaultLifecycleProcessor  : Successfully started bean 'webServerStartStop'
2023-02-12 23:23:44.896 DEBUG 9468 --- [main] o.s.c.support.DefaultLifecycleProcessor  : Starting beans in phase 2147483647
2023-02-12 23:23:44.896 DEBUG 9468 --- [main] o.s.c.support.DefaultLifecycleProcessor  : Successfully started bean 'webServerGracefulShutdown'
2023-02-12 23:23:44.896 DEBUG 9468 --- [main] ConditionEvaluationReportLoggingListener : 


============================
CONDITIONS EVALUATION REPORT
============================


Positive matches:
-----------------

   UnderTowWebServerConfig#servletWebServerFactory matched:
      - @ConditionalOnMissingBean (types: org.springframework.boot.web.servlet.server.ServletWebServerFactory; SearchStrategy: all) did not find any beans (OnBeanCondition)


Negative matches:
-----------------

   JettyWebServerConfig#servletWebServerFactory:
      Did not match:
         - @ConditionalOnMissingBean (types: org.springframework.boot.web.servlet.server.ServletWebServerFactory; SearchStrategy: all) found beans of type 'org.springframework.boot.web.servlet.server.ServletWebServerFactory' underTowWebServerFactory (OnBeanCondition)

   TomcatWebServerConfig#servletWebServerFactory:
      Did not match:
         - @ConditionalOnMissingBean (types: org.springframework.boot.web.servlet.server.ServletWebServerFactory; SearchStrategy: all) found beans of type 'org.springframework.boot.web.servlet.server.ServletWebServerFactory' underTowWebServerFactory (OnBeanCondition)


Exclusions:
-----------

    None


Unconditional classes:
----------------------

    None



2023-02-12 23:23:44.896  INFO 9468 --- [main] jzero.helloboot.HellobootApplication     : Started HellobootApplication in 1.332 seconds (JVM running for 1.77)
2023-02-12 23:23:48.797 DEBUG 9468 --- [XNIO-1 I/O-4] io.undertow.request                      : Matched prefix path /app for path /app/hello
2023-02-12 23:23:48.812 DEBUG 9468 --- [XNIO-1 task-1] io.undertow.request.security             : Attempting to authenticate /app/hello, authentication required: false
2023-02-12 23:23:48.812 DEBUG 9468 --- [XNIO-1 task-1] io.undertow.request.security             : Authentication outcome was NOT_ATTEMPTED with method io.undertow.security.impl.CachedAuthenticatedSessionMechanism@d49c255 for /app/hello
2023-02-12 23:23:48.812 DEBUG 9468 --- [XNIO-1 task-1] io.undertow.request.security             : Authentication result was ATTEMPTED for /app/hello
2023-02-12 23:23:48.812  INFO 9468 --- [XNIO-1 task-1] io.undertow.servlet                      : Initializing Spring DispatcherServlet 'dispatcherServlet'
2023-02-12 23:23:48.812  INFO 9468 --- [XNIO-1 task-1] o.s.web.servlet.DispatcherServlet        : Initializing Servlet 'dispatcherServlet'
2023-02-12 23:23:48.828 DEBUG 9468 --- [XNIO-1 task-1] _.s.web.servlet.HandlerMapping.Mappings  : 'org.springframework.web.servlet.handler.BeanNameUrlHandlerMapping' {}
2023-02-12 23:23:48.859 DEBUG 9468 --- [XNIO-1 task-1] _.s.web.servlet.HandlerMapping.Mappings  : 
	j.h.HelloController:
	{GET [/hello]}: hello(String)
2023-02-12 23:23:48.875 DEBUG 9468 --- [XNIO-1 task-1] s.w.s.m.m.a.RequestMappingHandlerMapping : 1 mappings in 'org.springframework.web.servlet.mvc.method.annotation.RequestMappingHandlerMapping'
2023-02-12 23:23:48.906 DEBUG 9468 --- [XNIO-1 task-1] s.w.s.m.m.a.RequestMappingHandlerAdapter : ControllerAdvice beans: none
2023-02-12 23:23:48.922 DEBUG 9468 --- [XNIO-1 task-1] .m.m.a.ExceptionHandlerExceptionResolver : ControllerAdvice beans: none
2023-02-12 23:23:48.937 DEBUG 9468 --- [XNIO-1 task-1] o.s.web.servlet.DispatcherServlet        : enableLoggingRequestDetails='false': request parameters and headers will be masked to prevent unsafe logging of potentially sensitive data
2023-02-12 23:23:48.937  INFO 9468 --- [XNIO-1 task-1] o.s.web.servlet.DispatcherServlet        : Completed initialization in 125 ms
2023-02-12 23:23:48.953 DEBUG 9468 --- [XNIO-1 task-1] o.s.web.servlet.DispatcherServlet        : GET "/app/hello?name=dafa", parameters={masked}
2023-02-12 23:23:48.953 DEBUG 9468 --- [XNIO-1 task-1] s.w.s.m.m.a.RequestMappingHandlerMapping : Mapped to jzero.helloboot.HelloController#hello(String)
2023-02-12 23:23:48.969 DEBUG 9468 --- [XNIO-1 task-1] m.m.a.RequestResponseBodyMethodProcessor : Using 'text/plain', given [*/*] and supported [text/plain, */*]
2023-02-12 23:23:48.969 DEBUG 9468 --- [XNIO-1 task-1] m.m.a.RequestResponseBodyMethodProcessor : Writing ["*hello dafa*"]
2023-02-12 23:23:48.984 DEBUG 9468 --- [XNIO-1 task-1] o.s.web.servlet.DispatcherServlet        : Completed 200 OK
